Change Component Designator: OldDesignator=CAL NewDesignator=CAL1
Change Component Designator: OldDesignator=D6 NewDesignator=D1
Change Component Designator: OldDesignator=Emulator NewDesignator=Emulator1
Change Component Designator: OldDesignator=EMULATOR NewDesignator=EMULATOR2
Change Component Designator: OldDesignator=JTAG NewDesignator=JTAG1
Change Component Designator: OldDesignator=L1 NewDesignator=L3
Change Component Designator: OldDesignator=L2 NewDesignator=L4
Change Component Designator: OldDesignator=L3 NewDesignator=L5
Change Component Designator: OldDesignator=L4 NewDesignator=L6
Change Component Designator: OldDesignator=L5 NewDesignator=L7
Change Component Designator: OldDesignator=L6 NewDesignator=L8
Change Component Designator: OldDesignator=L7 NewDesignator=L9
Change Component Designator: OldDesignator=L8 NewDesignator=L10
Change Component Designator: OldDesignator=L9 NewDesignator=L11
Change Component Designator: OldDesignator=L10 NewDesignator=L12
Change Component Designator: OldDesignator=MIOC NewDesignator=MIOC1
Change Component Designator: OldDesignator=Output NewDesignator=Output1
Change Component Designator: OldDesignator=PHOTODETECTOR NewDesignator=PHOTODETECTOR1
Change Component Designator: OldDesignator=POWER NewDesignator=POWER1
Change Component Designator: OldDesignator=RST NewDesignator=RST1
Change Component Designator: OldDesignator=RX NewDesignator=RX1
Change Component Designator: OldDesignator=TX NewDesignator=TX1
Change Net Name : Old Net Name=NetCAL_1 New Net Name=NetCAL1_1
Change Net Name : Old Net Name=NetD6_A New Net Name=NetD1_A
Change Net Name : Old Net Name=NetEMULATOR_1 New Net Name=NetEMULATOR2_1
Change Net Name : Old Net Name=NetL1_K New Net Name=NetL3_K
Change Net Name : Old Net Name=NetL2_K New Net Name=NetL4_K
Change Net Name : Old Net Name=NetL4_2 New Net Name=NetL6_2
Change Net Name : Old Net Name=NetL7_2 New Net Name=NetL9_2
Change Net Name : Old Net Name=NetL8_2 New Net Name=NetL10_2
Change Net Name : Old Net Name=NetMIOC_2 New Net Name=NetMIOC1_2
Change Net Name : Old Net Name=NetMIOC_3 New Net Name=NetMIOC1_3
Added Member To Class: ClassName=New Gyro 4.0 Member=Component Emulator1 DB9
Added Member To Class: ClassName=New Gyro 4.0 Member=Component L11 1uH
Added Member To Class: ClassName=New Gyro 4.0 Member=Component L12 1uH
