Removed Pin From Net: NetName=+3V3D Pin=C47-2
Removed Pin From Net: NetName=+3V3D Pin=IC6-5
Change Component Designator: OldDesignator=R34 NewDesignator=R35
Change Component Designator: OldDesignator=R35 NewDesignator=R36
Change Component Designator: OldDesignator=R36 NewDesignator=R37
Change Component Designator: OldDesignator=R37 NewDesignator=R38
Change Component Designator: OldDesignator=R38 NewDesignator=R39
Change Component Designator: OldDesignator=R39 NewDesignator=R40
Change Component Designator: OldDesignator=R40 NewDesignator=R41
Change Component Designator: OldDesignator=R41 NewDesignator=R42
Change Component Designator: OldDesignator=R42 NewDesignator=R43
Change Component Designator: OldDesignator=R43 NewDesignator=R44
Change Component Designator: OldDesignator=R44 NewDesignator=R45
Change Component Designator: OldDesignator=R45 NewDesignator=R46
Change Component Designator: OldDesignator=R46 NewDesignator=R47
Change Component Designator: OldDesignator=R47 NewDesignator=R48
Change Component Designator: OldDesignator=R48 NewDesignator=R49
Change Component Designator: OldDesignator=R49 NewDesignator=R50
Change Component Designator: OldDesignator=R50 NewDesignator=R51
Change Component Designator: OldDesignator=R51 NewDesignator=R52
Change Component Designator: OldDesignator=R52 NewDesignator=R53
Change Component Designator: OldDesignator=R53 NewDesignator=R54
Change Component Designator: OldDesignator=R54 NewDesignator=R55
Change Component Designator: OldDesignator=R55 NewDesignator=R56
Change Component Designator: OldDesignator=R56 NewDesignator=R57
Change Component Designator: OldDesignator=R57 NewDesignator=R58
Change Component Designator: OldDesignator=R58 NewDesignator=R59
Change Component Designator: OldDesignator=R59 NewDesignator=R60
Change Component Designator: OldDesignator=R60 NewDesignator=R61
Change Component Designator: OldDesignator=R61 NewDesignator=R62
Change Component Designator: OldDesignator=R62 NewDesignator=R63
Change Component Designator: OldDesignator=R63 NewDesignator=R64
Change Component Designator: OldDesignator=R64 NewDesignator=R65
Change Component Designator: OldDesignator=R65 NewDesignator=R66
Change Component Designator: OldDesignator=R66 NewDesignator=R67
Change Component Designator: OldDesignator=R67 NewDesignator=R68
Change Component Designator: OldDesignator=R68 NewDesignator=R69
Change Component Designator: OldDesignator=R69 NewDesignator=R70
Change Component Designator: OldDesignator=R70 NewDesignator=R71
Change Component Designator: OldDesignator=R71 NewDesignator=R72
Change Component Designator: OldDesignator=R72 NewDesignator=R73
Change Component Designator: OldDesignator=R73 NewDesignator=R74
Change Component Designator: OldDesignator=R74 NewDesignator=R75
Change Component Designator: OldDesignator=R75 NewDesignator=R76
Change Component Designator: OldDesignator=R76 NewDesignator=R77
Change Component Designator: OldDesignator=R77 NewDesignator=R78
Change Component Designator: OldDesignator=R78 NewDesignator=R79
Added Component: Designator=R34(0805)
Added Pin To Net: NetName=+5VA Pin=R34-1
Added Pin To Net: NetName=NetC47_2 Pin=C47-2
Added Pin To Net: NetName=NetC47_2 Pin=IC6-5
Added Pin To Net: NetName=NetC47_2 Pin=R34-2
Added Net: Name=NetC47_2
Added Member To Class: ClassName=New Gyro 4.0 Member=Component R79 0R
