Added Component: Designator=IC15(TM4C123GH6PM_PQFP64)
Added Pin To Net: NetName=+5VA Pin=IC15-1
Added Pin To Net: NetName=ADGND Pin=IC15-2
Added Pin To Net: NetName=ADGND Pin=IC15-3
Added Pin To Net: NetName=NetC111_1 Pin=IC15-4
Added Pin To Net: NetName=NetC113_2 Pin=IC15-5
Added Pin To Net: NetName=ADGND Pin=IC15-6
Added Pin To Net: NetName=+5VA Pin=IC15-7
Added Pin To Net: NetName=NetIC15_8 Pin=IC15-8
Added Pin To Net: NetName=ADGND Pin=IC15-9
Added Pin To Net: NetName=+5VA Pin=IC15-11
Added Pin To Net: NetName=+5VA Pin=IC15-12
Added Pin To Net: NetName=NetC114_1 Pin=IC15-13
Added Pin To Net: NetName=ADGND Pin=IC15-14
Added Pin To Net: NetName=ADGND Pin=IC15-15
Added Pin To Net: NetName=ADGND Pin=IC15-16
Added Pin To Net: NetName=ADGND Pin=IC15-17
Added Pin To Net: NetName=ADGND Pin=IC15-18
Added Pin To Net: NetName=ADGND Pin=IC15-19
Added Pin To Net: NetName=ADGND Pin=IC15-20
Added Pin To Net: NetName=ADGND Pin=IC15-21
Added Pin To Net: NetName=ADGND Pin=IC15-22
Added Pin To Net: NetName=NetC120_1 Pin=IC15-23
Added Pin To Net: NetName=NetC120_1 Pin=IC15-24
Added Pin To Net: NetName=ADGND Pin=IC15-25
Added Pin To Net: NetName=ADGND Pin=IC15-26
Added Pin To Net: NetName=NetC120_1 Pin=IC15-27
Added Pin To Net: NetName=NetC120_1 Pin=IC15-28
Added Pin To Net: NetName=NetC112_1 Pin=IC15-29
Added Pin To Net: NetName=NetC112_1 Pin=IC15-30
Added Pin To Net: NetName=ADGND Pin=IC15-31
Added Pin To Net: NetName=NetIC15_32 Pin=IC15-32
Added Pin To Net: NetName=NetIC15_33 Pin=IC15-33
Added Pin To Net: NetName=NetC112_1 Pin=IC15-34
Added Pin To Net: NetName=NetIC15_35 Pin=IC15-35
Added Pin To Net: NetName=NetIC15_36 Pin=IC15-36
Added Pin To Net: NetName=NetIC15_37 Pin=IC15-37
Added Pin To Net: NetName=NetIC15_38 Pin=IC15-38
Added Pin To Net: NetName=NetIC15_42 Pin=IC15-42
Added Pin To Net: NetName=SSI3RX Pin=IC15-44
Added Pin To Net: NetName=AD_DRDY Pin=IC15-46
Added Pin To Net: NetName=ADGND Pin=IC15-47
Added Pin To Net: NetName=NetC76_1 Pin=IC15-48
Added Pin To Net: NetName=NetC76_1 Pin=IC15-49
Added Pin To Net: NetName=ADGND Pin=IC15-50
Added Pin To Net: NetName=ADGND Pin=IC15-51
Added Pin To Net: NetName=NetC76_1 Pin=IC15-52
Added Pin To Net: NetName=+5VA Pin=IC15-53
Added Pin To Net: NetName=ADGND Pin=IC15-54
Added Pin To Net: NetName=NetIC15_55 Pin=IC15-55
Added Pin To Net: NetName=ADGND Pin=IC15-56
Added Pin To Net: NetName=ADGND Pin=IC15-57
Added Pin To Net: NetName=NetC66_2 Pin=IC15-58
Added Pin To Net: NetName=NetC82_2 Pin=IC15-59
Added Pin To Net: NetName=ADGND Pin=IC15-60
Added Pin To Net: NetName=ADGND Pin=IC15-61
Added Pin To Net: NetName=NetC81_2 Pin=IC15-62
Added Pin To Net: NetName=NetC78_1 Pin=IC15-63
Added Pin To Net: NetName=NetC78_1 Pin=IC15-64
Added Member To Class: ClassName=New Gyro 4.0 Member=Component IC15 ADS1672
