Removed Pin From Net: NetName=+3V3D Pin=C126-1
Removed Pin From Net: NetName=GND Pin=C126-2
Removed Pin From Net: NetName=+3V3D Pin=L5-1
Removed Pin From Net: NetName=+3V3D Pin=L6-2
Removed Pin From Net: NetName=+3V3D Pin=L9-1
Removed Pin From Net: NetName=+3V3D Pin=L10-2
Change Component Comment : Designator=C126 Old Comment=47u New Comment=1u
Added Component: Designator=C129(0805-cap)
Added Component: Designator=C130(0805-cap)
Added Component: Designator=IC18(SOT-23-5)
Added Pin To Net: NetName=GND Pin=C126-1
Added Pin To Net: NetName=+3V3D Pin=C126-2
Added Pin To Net: NetName=GND Pin=C129-1
Added Pin To Net: NetName=GND Pin=C130-1
Added Pin To Net: NetName=+3V3D Pin=IC18-1
Added Pin To Net: NetName=GND Pin=IC18-2
Added Pin To Net: NetName=+3V3D Pin=IC18-3
Added Pin To Net: NetName=+3VD Pin=C130-2
Added Pin To Net: NetName=+3VD Pin=IC18-5
Added Pin To Net: NetName=+3VD Pin=L5-1
Added Pin To Net: NetName=+3VD Pin=L6-2
Added Pin To Net: NetName=+3VD Pin=L9-1
Added Pin To Net: NetName=+3VD Pin=L10-2
Added Net: Name=+3VD
Added Pin To Net: NetName=NetC129_2 Pin=C129-2
Added Pin To Net: NetName=NetC129_2 Pin=IC18-4
Added Net: Name=NetC129_2
Added Member To Class: ClassName=New Gyro 4.0 Member=Component C129 10n
Added Member To Class: ClassName=New Gyro 4.0 Member=Component C130 2.2u
Added Member To Class: ClassName=New Gyro 4.0 Member=Component IC18 LP2985
