Removed Member From Class: ClassName=New Gyro 4.0 Member=C127
Removed Member From Class: ClassName=New Gyro 4.0 Member=C128
Removed Member From Class: ClassName=New Gyro 4.0 Member=L20
Removed Member From Class: ClassName=New Gyro 4.0 Member=L21
Removed Member From Class: ClassName=New Gyro 4.0 Member=L22
Removed Member From Class: ClassName=New Gyro 4.0 Member=L23
Removed Member From Class: ClassName=New Gyro 4.0 Member=R80
Removed Member From Class: ClassName=New Gyro 4.0 Member=R390
Change Component Designator: OldDesignator=C65 NewDesignator=C89
Change Component Designator: OldDesignator=C66 NewDesignator=C65
Change Component Designator: OldDesignator=C67 NewDesignator=C66
Change Component Designator: OldDesignator=C68 NewDesignator=C67
Change Component Designator: OldDesignator=C69 NewDesignator=C68
Change Component Designator: OldDesignator=C70 NewDesignator=C69
Change Component Designator: OldDesignator=C71 NewDesignator=C70
Change Component Designator: OldDesignator=C72 NewDesignator=C71
Change Component Designator: OldDesignator=C73 NewDesignator=C72
Change Component Designator: OldDesignator=C74 NewDesignator=C73
Change Component Designator: OldDesignator=C75 NewDesignator=C74
Change Component Designator: OldDesignator=C76 NewDesignator=C100
Change Component Designator: OldDesignator=C77 NewDesignator=C101
Change Component Designator: OldDesignator=C78 NewDesignator=C75
Change Component Designator: OldDesignator=C79 NewDesignator=C102
Change Component Designator: OldDesignator=C80 NewDesignator=C76
Change Component Designator: OldDesignator=C81 NewDesignator=C77
Change Component Designator: OldDesignator=C82 NewDesignator=C78
Change Component Designator: OldDesignator=C83 NewDesignator=C79
Change Component Designator: OldDesignator=C84 NewDesignator=C80
Change Component Designator: OldDesignator=C85 NewDesignator=C81
Change Component Designator: OldDesignator=C86 NewDesignator=C82
Change Component Designator: OldDesignator=C87 NewDesignator=C83
Change Component Designator: OldDesignator=C88 NewDesignator=C84
Change Component Designator: OldDesignator=C89 NewDesignator=C85
Change Component Designator: OldDesignator=C90 NewDesignator=C86
Change Component Designator: OldDesignator=C91 NewDesignator=C87
Change Component Designator: OldDesignator=C92 NewDesignator=C88
Change Component Designator: OldDesignator=C93 NewDesignator=C90
Change Component Designator: OldDesignator=C94 NewDesignator=C91
Change Component Designator: OldDesignator=C95 NewDesignator=C107
Change Component Designator: OldDesignator=C96 NewDesignator=C92
Change Component Designator: OldDesignator=C97 NewDesignator=C108
Change Component Designator: OldDesignator=C98 NewDesignator=C109
Change Component Designator: OldDesignator=C99 NewDesignator=C110
Change Component Designator: OldDesignator=C100 NewDesignator=C94
Change Component Designator: OldDesignator=C101 NewDesignator=C95
Change Component Designator: OldDesignator=C102 NewDesignator=C96
Change Component Designator: OldDesignator=C103 NewDesignator=C97
Change Component Designator: OldDesignator=C104 NewDesignator=C98
Change Component Designator: OldDesignator=C105 NewDesignator=C99
Change Component Designator: OldDesignator=C106 NewDesignator=C103
Change Component Designator: OldDesignator=C107 NewDesignator=C104
Change Component Designator: OldDesignator=C108 NewDesignator=C93
Change Component Designator: OldDesignator=C111 NewDesignator=C105
Change Component Designator: OldDesignator=C112 NewDesignator=C106
Change Component Designator: OldDesignator=C113 NewDesignator=C111
Change Component Designator: OldDesignator=C114 NewDesignator=C112
Change Component Designator: OldDesignator=C115 NewDesignator=C113
Change Component Designator: OldDesignator=C116 NewDesignator=C114
Change Component Designator: OldDesignator=C117 NewDesignator=C115
Change Component Designator: OldDesignator=C118 NewDesignator=C116
Change Component Designator: OldDesignator=C119 NewDesignator=C117
Change Component Designator: OldDesignator=C120 NewDesignator=C118
Change Component Designator: OldDesignator=C121 NewDesignator=C119
Change Component Designator: OldDesignator=C122 NewDesignator=C120
Change Component Designator: OldDesignator=C123 NewDesignator=C121
Change Component Designator: OldDesignator=C124 NewDesignator=C122
Change Component Designator: OldDesignator=C125 NewDesignator=C123
Change Component Designator: OldDesignator=C126 NewDesignator=C124
Change Component Designator: OldDesignator=C127 NewDesignator=C125
Change Component Designator: OldDesignator=C128 NewDesignator=C126
Change Component Designator: OldDesignator=IC12 NewDesignator=IC14
Change Component Designator: OldDesignator=IC13 NewDesignator=IC12
Change Component Designator: OldDesignator=IC14 NewDesignator=IC13
Change Component Designator: OldDesignator=IC15 NewDesignator=IC16
Change Component Designator: OldDesignator=IC16 NewDesignator=IC15
Change Component Designator: OldDesignator=L2 NewDesignator=L4
Change Component Designator: OldDesignator=L5 NewDesignator=L11
Change Component Designator: OldDesignator=L6 NewDesignator=L12
Change Component Designator: OldDesignator=L7 NewDesignator=L6
Change Component Designator: OldDesignator=L8 NewDesignator=L9
Change Component Designator: OldDesignator=L9 NewDesignator=L13
Change Component Designator: OldDesignator=L10 NewDesignator=L14
Change Component Designator: OldDesignator=L12 NewDesignator=L2
Change Component Designator: OldDesignator=L20 NewDesignator=L5
Change Component Designator: OldDesignator=L21 NewDesignator=L7
Change Component Designator: OldDesignator=L22 NewDesignator=L8
Change Component Designator: OldDesignator=L23 NewDesignator=L10
Change Component Designator: OldDesignator=L30 NewDesignator=L3
Change Component Designator: OldDesignator=R3 NewDesignator=R4
Change Component Designator: OldDesignator=R4 NewDesignator=R5
Change Component Designator: OldDesignator=R5 NewDesignator=R6
Change Component Designator: OldDesignator=R6 NewDesignator=R7
Change Component Designator: OldDesignator=R7 NewDesignator=R8
Change Component Designator: OldDesignator=R8 NewDesignator=R9
Change Component Designator: OldDesignator=R9 NewDesignator=R10
Change Component Designator: OldDesignator=R10 NewDesignator=R11
Change Component Designator: OldDesignator=R11 NewDesignator=R12
Change Component Designator: OldDesignator=R12 NewDesignator=R13
Change Component Designator: OldDesignator=R13 NewDesignator=R14
Change Component Designator: OldDesignator=R14 NewDesignator=R15
Change Component Designator: OldDesignator=R15 NewDesignator=R16
Change Component Designator: OldDesignator=R16 NewDesignator=R17
Change Component Designator: OldDesignator=R17 NewDesignator=R18
Change Component Designator: OldDesignator=R18 NewDesignator=R19
Change Component Designator: OldDesignator=R19 NewDesignator=R20
Change Component Designator: OldDesignator=R20 NewDesignator=R21
Change Component Designator: OldDesignator=R21 NewDesignator=R22
Change Component Designator: OldDesignator=R22 NewDesignator=R23
Change Component Designator: OldDesignator=R23 NewDesignator=R24
Change Component Designator: OldDesignator=R24 NewDesignator=R25
Change Component Designator: OldDesignator=R25 NewDesignator=R26
Change Component Designator: OldDesignator=R26 NewDesignator=R27
Change Component Designator: OldDesignator=R27 NewDesignator=R28
Change Component Designator: OldDesignator=R28 NewDesignator=R29
Change Component Designator: OldDesignator=R29 NewDesignator=R30
Change Component Designator: OldDesignator=R30 NewDesignator=R31
Change Component Designator: OldDesignator=R31 NewDesignator=R32
Change Component Designator: OldDesignator=R32 NewDesignator=R33
Change Component Designator: OldDesignator=R33 NewDesignator=R34
Change Component Designator: OldDesignator=R34 NewDesignator=R35
Change Component Designator: OldDesignator=R35 NewDesignator=R36
Change Component Designator: OldDesignator=R36 NewDesignator=R37
Change Component Designator: OldDesignator=R37 NewDesignator=R38
Change Component Designator: OldDesignator=R38 NewDesignator=R39
Change Component Designator: OldDesignator=R39 NewDesignator=R40
Change Component Designator: OldDesignator=R40 NewDesignator=R41
Change Component Designator: OldDesignator=R41 NewDesignator=R42
Change Component Designator: OldDesignator=R42 NewDesignator=R43
Change Component Designator: OldDesignator=R43 NewDesignator=R44
Change Component Designator: OldDesignator=R44 NewDesignator=R45
Change Component Designator: OldDesignator=R45 NewDesignator=R46
Change Component Designator: OldDesignator=R46 NewDesignator=R47
Change Component Designator: OldDesignator=R47 NewDesignator=R48
Change Component Designator: OldDesignator=R48 NewDesignator=R49
Change Component Designator: OldDesignator=R49 NewDesignator=R50
Change Component Designator: OldDesignator=R50 NewDesignator=R51
Change Component Designator: OldDesignator=R51 NewDesignator=R52
Change Component Designator: OldDesignator=R52 NewDesignator=R57
Change Component Designator: OldDesignator=R57 NewDesignator=R58
Change Component Designator: OldDesignator=R58 NewDesignator=R59
Change Component Designator: OldDesignator=R60 NewDesignator=R61
Change Component Designator: OldDesignator=R65 NewDesignator=R64
Change Component Designator: OldDesignator=R66 NewDesignator=R65
Change Component Designator: OldDesignator=R67 NewDesignator=R66
Change Component Designator: OldDesignator=R68 NewDesignator=R67
Change Component Designator: OldDesignator=R69 NewDesignator=R60
Change Component Designator: OldDesignator=R70 NewDesignator=R68
Change Component Designator: OldDesignator=R71 NewDesignator=R69
Change Component Designator: OldDesignator=R72 NewDesignator=R70
Change Component Designator: OldDesignator=R73 NewDesignator=R71
Change Component Designator: OldDesignator=R74 NewDesignator=R72
Change Component Designator: OldDesignator=R75 NewDesignator=R73
Change Component Designator: OldDesignator=R79 NewDesignator=R74
Change Component Designator: OldDesignator=R80 NewDesignator=R75
Change Component Designator: OldDesignator=R81 NewDesignator=R76
Change Component Designator: OldDesignator=R390 NewDesignator=R3
Change Net Name : Old Net Name=NetC65_1 New Net Name=NetC89_1
Change Net Name : Old Net Name=NetC65_2 New Net Name=NetC89_2
Change Net Name : Old Net Name=NetC66_1 New Net Name=NetC65_1
Change Net Name : Old Net Name=NetC66_2 New Net Name=NetC65_2
Change Net Name : Old Net Name=NetC67_2 New Net Name=NetC66_2
Change Net Name : Old Net Name=NetC71_1 New Net Name=NetC70_1
Change Net Name : Old Net Name=NetC75_2 New Net Name=NetC74_2
Change Net Name : Old Net Name=NetC77_2 New Net Name=NetC101_2
Change Net Name : Old Net Name=NetC80_1 New Net Name=NetC76_1
Change Net Name : Old Net Name=NetC82_1 New Net Name=NetC78_1
Change Net Name : Old Net Name=NetC85_2 New Net Name=NetC81_2
Change Net Name : Old Net Name=NetC86_2 New Net Name=NetC82_2
Change Net Name : Old Net Name=NetC87_1 New Net Name=NetC83_1
Change Net Name : Old Net Name=NetC87_2 New Net Name=NetC83_2
Change Net Name : Old Net Name=NetC96_1 New Net Name=NetC92_1
Change Net Name : Old Net Name=NetC100_1 New Net Name=NetC94_1
Change Net Name : Old Net Name=NetC101_1 New Net Name=NetC95_1
Change Net Name : Old Net Name=NetC113_1 New Net Name=NetC111_1
Change Net Name : Old Net Name=NetC114_1 New Net Name=NetC112_1
Change Net Name : Old Net Name=NetC115_2 New Net Name=NetC113_2
Change Net Name : Old Net Name=NetC116_1 New Net Name=NetC114_1
Change Net Name : Old Net Name=NetC117_1 New Net Name=NetC115_1
Change Net Name : Old Net Name=NetC119_1 New Net Name=NetC117_1
Change Net Name : Old Net Name=NetC119_2 New Net Name=NetC117_2
Change Net Name : Old Net Name=NetC122_1 New Net Name=NetC120_1
Change Net Name : Old Net Name=NetC126_1 New Net Name=NetC124_1
Change Net Name : Old Net Name=NetIC16_8 New Net Name=NetIC15_8
Change Net Name : Old Net Name=NetIC16_32 New Net Name=NetIC15_32
Change Net Name : Old Net Name=NetIC16_33 New Net Name=NetIC15_33
Change Net Name : Old Net Name=NetIC16_35 New Net Name=NetIC15_35
Change Net Name : Old Net Name=NetIC16_36 New Net Name=NetIC15_36
Change Net Name : Old Net Name=NetIC16_37 New Net Name=NetIC15_37
Change Net Name : Old Net Name=NetIC16_38 New Net Name=NetIC15_38
Change Net Name : Old Net Name=NetIC16_42 New Net Name=NetIC15_42
Change Net Name : Old Net Name=NetIC16_55 New Net Name=NetIC15_55
Change Net Name : Old Net Name=NetL2_2 New Net Name=NetL4_2
Change Net Name : Old Net Name=NetL5_2 New Net Name=NetL11_2
Change Net Name : Old Net Name=NetL6_2 New Net Name=NetL12_2
Change Net Name : Old Net Name=NetL12_2 New Net Name=NetL2_2
Added Member To Class: ClassName=New Gyro 4.0 Member=Component C109 10u
Added Member To Class: ClassName=New Gyro 4.0 Member=Component C110 47u
Added Member To Class: ClassName=New Gyro 4.0 Member=Component L4 1uH
Added Member To Class: ClassName=New Gyro 4.0 Member=Component L11 10uH
Added Member To Class: ClassName=New Gyro 4.0 Member=Component L13 1uH
Added Member To Class: ClassName=New Gyro 4.0 Member=Component L14 1uH
Added Member To Class: ClassName=New Gyro 4.0 Member=Component R59 50R
Added Member To Class: ClassName=New Gyro 4.0 Member=Component R61 50R
Added Room: Name=New Gyro 4.0
