Removed Pin From Net: NetName=AGND Pin=C13-1
Removed Pin From Net: NetName=AGND Pin=C14-1
Removed Pin From Net: NetName=AGND Pin=C15-1
Removed Pin From Net: NetName=DGND Pin=C16-2
Removed Pin From Net: NetName=DGND Pin=C17-2
Removed Pin From Net: NetName=AGND Pin=C18-1
Removed Pin From Net: NetName=DGND Pin=C20-1
Removed Pin From Net: NetName=DGND Pin=C21-1
Removed Pin From Net: NetName=DGND Pin=C22-2
Removed Pin From Net: NetName=AGND Pin=C23-2
Removed Pin From Net: NetName=AGND Pin=C24-1
Removed Pin From Net: NetName=DGND Pin=C25-1
Removed Pin From Net: NetName=AGND Pin=C26-2
Removed Pin From Net: NetName=AGND Pin=C27-2
Removed Pin From Net: NetName=AGND Pin=C28-2
Removed Pin From Net: NetName=AGND Pin=C29-1
Removed Pin From Net: NetName=AGND Pin=C30-1
Removed Pin From Net: NetName=AGND Pin=C31-1
Removed Pin From Net: NetName=AGND Pin=C34-1
Removed Pin From Net: NetName=AGND Pin=C35-2
Removed Pin From Net: NetName=AGND Pin=C38-1
Removed Pin From Net: NetName=AGND Pin=C40-2
Removed Pin From Net: NetName=AGND Pin=C41-2
Removed Pin From Net: NetName=AGND Pin=C42-1
Removed Pin From Net: NetName=AGND Pin=C43-1
Removed Pin From Net: NetName=AGND Pin=C44-1
Removed Pin From Net: NetName=+5VA Pin=C44-2
Removed Pin From Net: NetName=AGND Pin=C45-1
Removed Pin From Net: NetName=+5VA Pin=C45-2
Removed Pin From Net: NetName=DGND Pin=C47-1
Removed Pin From Net: NetName=AGND Pin=C48-1
Removed Pin From Net: NetName=AGND Pin=C49-2
Removed Pin From Net: NetName=AGND Pin=C50-2
Removed Pin From Net: NetName=AGND Pin=C53-2
Removed Pin From Net: NetName=AGND Pin=C54-1
Removed Pin From Net: NetName=AGND Pin=C74-1
Removed Pin From Net: NetName=AGND Pin=C75-1
Removed Pin From Net: NetName=AGND Pin=C76-1
Removed Pin From Net: NetName=AGND Pin=C77-1
Removed Pin From Net: NetName=AGND Pin=C78-2
Removed Pin From Net: NetName=AGND Pin=C79-2
Removed Pin From Net: NetName=AGND Pin=IC1-4
Removed Pin From Net: NetName=AGND Pin=IC2-4
Removed Pin From Net: NetName=DGND Pin=IC3-4
Removed Pin From Net: NetName=AGND Pin=IC3-13
Removed Pin From Net: NetName=AGND Pin=IC5-3
Removed Pin From Net: NetName=AGND Pin=IC5-5
Removed Pin From Net: NetName=DGND Pin=IC6-1
Removed Pin From Net: NetName=DGND Pin=IC6-3
Removed Pin From Net: NetName=AGND Pin=IC7-2
Removed Pin From Net: NetName=AGND Pin=IC8-6
Removed Pin From Net: NetName=+5VA Pin=IC8-7
Removed Pin From Net: NetName=AGND Pin=IC11-4
Removed Pin From Net: NetName=AGND Pin=IC12-4
Removed Pin From Net: NetName=AGND Pin=L20-2
Removed Pin From Net: NetName=DGND Pin=OSC1-4
Removed Pin From Net: NetName=AGND Pin=P2-1
Removed Pin From Net: NetName=DGND Pin=R6-1
Removed Pin From Net: NetName=AGND Pin=R41-2
Added Component: Designator=L30(0805)
Added Pin To Net: NetName=CGND Pin=C21-1
Added Pin To Net: NetName=CGND Pin=C22-2
Added Pin To Net: NetName=CGND Pin=C25-1
Added Pin To Net: NetName=CGND Pin=C47-1
Added Pin To Net: NetName=CGND Pin=IC6-1
Added Pin To Net: NetName=CGND Pin=IC6-3
Added Pin To Net: NetName=+5VA Pin=L30-1
Added Pin To Net: NetName=CGND Pin=OSC1-4
Added Pin To Net: NetName=CGND Pin=R6-1
Change Net Name : Old Net Name=AGND New Net Name=ADGND
Added Pin To Net: NetName=DAGND Pin=C13-1
Added Pin To Net: NetName=DAGND Pin=C14-1
Added Pin To Net: NetName=DAGND Pin=C15-1
Added Pin To Net: NetName=DAGND Pin=C16-2
Added Pin To Net: NetName=DAGND Pin=C17-2
Added Pin To Net: NetName=DAGND Pin=C18-1
Added Pin To Net: NetName=DAGND Pin=C20-1
Added Pin To Net: NetName=DAGND Pin=C23-2
Added Pin To Net: NetName=DAGND Pin=C24-1
Added Pin To Net: NetName=DAGND Pin=C26-2
Added Pin To Net: NetName=DAGND Pin=C27-2
Added Pin To Net: NetName=DAGND Pin=C28-2
Added Pin To Net: NetName=DAGND Pin=C29-1
Added Pin To Net: NetName=DAGND Pin=C30-1
Added Pin To Net: NetName=DAGND Pin=C31-1
Added Pin To Net: NetName=DAGND Pin=C34-1
Added Pin To Net: NetName=DAGND Pin=C35-2
Added Pin To Net: NetName=DAGND Pin=C38-1
Added Pin To Net: NetName=DAGND Pin=C40-2
Added Pin To Net: NetName=DAGND Pin=C41-2
Added Pin To Net: NetName=DAGND Pin=C42-1
Added Pin To Net: NetName=DAGND Pin=C43-1
Added Pin To Net: NetName=DAGND Pin=C44-1
Added Pin To Net: NetName=DAGND Pin=C45-1
Added Pin To Net: NetName=DAGND Pin=C48-1
Added Pin To Net: NetName=DAGND Pin=C49-2
Added Pin To Net: NetName=DAGND Pin=C50-2
Added Pin To Net: NetName=DAGND Pin=C53-2
Added Pin To Net: NetName=DAGND Pin=C54-1
Added Pin To Net: NetName=DAGND Pin=C74-1
Added Pin To Net: NetName=DAGND Pin=C75-1
Added Pin To Net: NetName=DAGND Pin=C76-1
Added Pin To Net: NetName=DAGND Pin=C77-1
Added Pin To Net: NetName=DAGND Pin=C78-2
Added Pin To Net: NetName=DAGND Pin=C79-2
Added Pin To Net: NetName=DAGND Pin=IC1-4
Added Pin To Net: NetName=DAGND Pin=IC2-4
Added Pin To Net: NetName=DAGND Pin=IC3-4
Added Pin To Net: NetName=DAGND Pin=IC3-13
Added Pin To Net: NetName=DAGND Pin=IC5-3
Added Pin To Net: NetName=DAGND Pin=IC5-5
Added Pin To Net: NetName=DAGND Pin=IC7-2
Added Pin To Net: NetName=DAGND Pin=IC8-6
Added Pin To Net: NetName=DAGND Pin=IC11-4
Added Pin To Net: NetName=DAGND Pin=IC12-4
Added Pin To Net: NetName=DAGND Pin=L20-2
Added Pin To Net: NetName=DAGND Pin=P2-1
Added Pin To Net: NetName=DAGND Pin=R41-2
Added Net: Name=DAGND
Added Pin To Net: NetName=NetC44_2 Pin=C44-2
Added Pin To Net: NetName=NetC44_2 Pin=C45-2
Added Pin To Net: NetName=NetC44_2 Pin=IC8-7
Added Pin To Net: NetName=NetC44_2 Pin=L30-2
Added Net: Name=NetC44_2
Added Member To Class: ClassName=New Gyro 4.0 Member=Component L30 1uH
