Added Pin To Net: NetName=ADGND Pin=BT1-2
Added Pin To Net: NetName=ADGND Pin=BT2-2
Added Pin To Net: NetName=ADGND Pin=C1-1
Added Pin To Net: NetName=ADGND Pin=C2-1
Added Pin To Net: NetName=ADGND Pin=C3-1
Added Pin To Net: NetName=ADGND Pin=C4-1
Added Pin To Net: NetName=ADGND Pin=C5-1
Added Pin To Net: NetName=ADGND Pin=C6-1
Added Pin To Net: NetName=ADGND Pin=C7-1
Added Pin To Net: NetName=ADGND Pin=C8-1
Added Pin To Net: NetName=ADGND Pin=C9-1
Added Pin To Net: NetName=ADGND Pin=C10-1
Added Pin To Net: NetName=ADGND Pin=C11-1
Added Pin To Net: NetName=ADGND Pin=C12-1
Added Pin To Net: NetName=ADGND Pin=C19-1
Added Pin To Net: NetName=ADGND Pin=C21-1
Added Pin To Net: NetName=ADGND Pin=C22-2
Added Pin To Net: NetName=ADGND Pin=C25-1
Added Pin To Net: NetName=ADGND Pin=C36-2
Added Pin To Net: NetName=ADGND Pin=C47-1
Added Pin To Net: NetName=ADGND Pin=C51-1
Added Pin To Net: NetName=ADGND Pin=C55-1
Added Pin To Net: NetName=ADGND Pin=C56-1
Added Pin To Net: NetName=ADGND Pin=C57-1
Added Pin To Net: NetName=ADGND Pin=C58-1
Added Pin To Net: NetName=ADGND Pin=C59-1
Added Pin To Net: NetName=ADGND Pin=C93-2
Added Pin To Net: NetName=ADGND Pin=C107-1
Added Pin To Net: NetName=ADGND Pin=C108-1
Added Pin To Net: NetName=ADGND Pin=C109-2
Added Pin To Net: NetName=ADGND Pin=C110-2
Added Pin To Net: NetName=ADGND Pin=Con1-2
Added Pin To Net: NetName=ADGND Pin=D6-K
Added Pin To Net: NetName=ADGND Pin=IC4-3
Added Pin To Net: NetName=ADGND Pin=IC4-12
Added Pin To Net: NetName=ADGND Pin=IC4-27
Added Pin To Net: NetName=ADGND Pin=IC4-39
Added Pin To Net: NetName=ADGND Pin=IC4-55
Added Pin To Net: NetName=ADGND Pin=IC6-1
Added Pin To Net: NetName=ADGND Pin=IC6-3
Added Pin To Net: NetName=ADGND Pin=IC9-2
Added Pin To Net: NetName=ADGND Pin=IC9-8
Added Pin To Net: NetName=ADGND Pin=IC10-2
Added Pin To Net: NetName=ADGND Pin=IC16-2
Added Pin To Net: NetName=ADGND Pin=L5-1
Added Pin To Net: NetName=ADGND Pin=L7-1
Added Pin To Net: NetName=ADGND Pin=L8-1
Added Pin To Net: NetName=ADGND Pin=L8-2
Added Pin To Net: NetName=ADGND Pin=L10-1
Added Pin To Net: NetName=ADGND Pin=L10-2
Added Pin To Net: NetName=ADGND Pin=L12-1
Added Pin To Net: NetName=ADGND Pin=OSC1-4
Added Pin To Net: NetName=ADGND Pin=P1-6
Added Pin To Net: NetName=ADGND Pin=R7-1
Added Pin To Net: NetName=ADGND Pin=R33-1
Change Net Name : Old Net Name=ADGND New Net Name=GND
