Removed Member From Class: ClassName=New Gyro 4.0 Member=C132
Removed Member From Class: ClassName=New Gyro 4.0 Member=IC18
Removed Member From Class: ClassName=New Gyro 4.0 Member=R80
Removed Member From Class: ClassName=New Gyro 4.0 Member=R82
Removed Member From Class: ClassName=New Gyro 4.0 Member=R84
Removed Member From Class: ClassName=New Gyro 4.0 Member=R85
Change Component Designator: OldDesignator=C16 NewDesignator=C21
Change Component Designator: OldDesignator=C17 NewDesignator=C22
Change Component Designator: OldDesignator=C18 NewDesignator=C16
Change Component Designator: OldDesignator=C19 NewDesignator=C17
Change Component Designator: OldDesignator=C20 NewDesignator=C25
Change Component Designator: OldDesignator=C21 NewDesignator=C18
Change Component Designator: OldDesignator=C22 NewDesignator=C56
Change Component Designator: OldDesignator=C23 NewDesignator=C57
Change Component Designator: OldDesignator=C24 NewDesignator=C58
Change Component Designator: OldDesignator=C25 NewDesignator=C59
Change Component Designator: OldDesignator=C26 NewDesignator=C20
Change Component Designator: OldDesignator=C27 NewDesignator=C23
Change Component Designator: OldDesignator=C28 NewDesignator=C24
Change Component Designator: OldDesignator=C29 NewDesignator=C26
Change Component Designator: OldDesignator=C30 NewDesignator=C27
Change Component Designator: OldDesignator=C31 NewDesignator=C28
Change Component Designator: OldDesignator=C32 NewDesignator=C29
Change Component Designator: OldDesignator=C33 NewDesignator=C30
Change Component Designator: OldDesignator=C34 NewDesignator=C31
Change Component Designator: OldDesignator=C35 NewDesignator=C32
Change Component Designator: OldDesignator=C36 NewDesignator=C33
Change Component Designator: OldDesignator=C37 NewDesignator=C19
Change Component Designator: OldDesignator=C38 NewDesignator=C34
Change Component Designator: OldDesignator=C39 NewDesignator=C35
Change Component Designator: OldDesignator=C40 NewDesignator=C37
Change Component Designator: OldDesignator=C41 NewDesignator=C38
Change Component Designator: OldDesignator=C42 NewDesignator=C39
Change Component Designator: OldDesignator=C43 NewDesignator=C40
Change Component Designator: OldDesignator=C44 NewDesignator=C41
Change Component Designator: OldDesignator=C45 NewDesignator=C42
Change Component Designator: OldDesignator=C46 NewDesignator=C43
Change Component Designator: OldDesignator=C47 NewDesignator=C36
Change Component Designator: OldDesignator=C48 NewDesignator=C44
Change Component Designator: OldDesignator=C49 NewDesignator=C45
Change Component Designator: OldDesignator=C50 NewDesignator=C46
Change Component Designator: OldDesignator=C51 NewDesignator=C48
Change Component Designator: OldDesignator=C52 NewDesignator=C49
Change Component Designator: OldDesignator=C53 NewDesignator=C50
Change Component Designator: OldDesignator=C54 NewDesignator=C52
Change Component Designator: OldDesignator=C55 NewDesignator=C53
Change Component Designator: OldDesignator=C56 NewDesignator=C54
Change Component Designator: OldDesignator=C57 NewDesignator=C51
Change Component Designator: OldDesignator=C58 NewDesignator=C55
Change Component Designator: OldDesignator=C59 NewDesignator=C62
Change Component Designator: OldDesignator=C60 NewDesignator=C63
Change Component Designator: OldDesignator=C61 NewDesignator=C60
Change Component Designator: OldDesignator=C62 NewDesignator=C61
Change Component Designator: OldDesignator=C63 NewDesignator=C64
Change Component Designator: OldDesignator=C64 NewDesignator=C65
Change Component Designator: OldDesignator=C65 NewDesignator=C72
Change Component Designator: OldDesignator=C66 NewDesignator=C73
Change Component Designator: OldDesignator=C67 NewDesignator=C66
Change Component Designator: OldDesignator=C68 NewDesignator=C67
Change Component Designator: OldDesignator=C69 NewDesignator=C68
Change Component Designator: OldDesignator=C70 NewDesignator=C69
Change Component Designator: OldDesignator=C71 NewDesignator=C70
Change Component Designator: OldDesignator=C72 NewDesignator=C71
Change Component Designator: OldDesignator=C73 NewDesignator=C74
Change Component Designator: OldDesignator=C74 NewDesignator=C75
Change Component Designator: OldDesignator=C75 NewDesignator=C76
Change Component Designator: OldDesignator=C76 NewDesignator=C77
Change Component Designator: OldDesignator=C77 NewDesignator=C78
Change Component Designator: OldDesignator=C78 NewDesignator=C79
Change Component Designator: OldDesignator=C79 NewDesignator=C80
Change Component Designator: OldDesignator=C80 NewDesignator=C81
Change Component Designator: OldDesignator=C81 NewDesignator=C82
Change Component Designator: OldDesignator=C82 NewDesignator=C83
Change Component Designator: OldDesignator=C83 NewDesignator=C84
Change Component Designator: OldDesignator=C84 NewDesignator=C85
Change Component Designator: OldDesignator=C85 NewDesignator=C86
Change Component Designator: OldDesignator=C86 NewDesignator=C87
Change Component Designator: OldDesignator=C87 NewDesignator=C88
Change Component Designator: OldDesignator=C88 NewDesignator=C89
Change Component Designator: OldDesignator=C89 NewDesignator=C90
Change Component Designator: OldDesignator=C90 NewDesignator=C91
Change Component Designator: OldDesignator=C93 NewDesignator=C92
Change Component Designator: OldDesignator=C94 NewDesignator=C93
Change Component Designator: OldDesignator=C95 NewDesignator=C94
Change Component Designator: OldDesignator=C96 NewDesignator=C95
Change Component Designator: OldDesignator=C97 NewDesignator=C96
Change Component Designator: OldDesignator=C98 NewDesignator=C97
Change Component Designator: OldDesignator=C99 NewDesignator=C98
Change Component Designator: OldDesignator=C100 NewDesignator=C99
Change Component Designator: OldDesignator=C101 NewDesignator=C100
Change Component Designator: OldDesignator=C102 NewDesignator=C101
Change Component Designator: OldDesignator=C103 NewDesignator=C102
Change Component Designator: OldDesignator=C104 NewDesignator=C103
Change Component Designator: OldDesignator=C105 NewDesignator=C104
Change Component Designator: OldDesignator=C106 NewDesignator=C105
Change Component Designator: OldDesignator=C109 NewDesignator=C106
Change Component Designator: OldDesignator=C110 NewDesignator=C107
Change Component Designator: OldDesignator=C113 NewDesignator=C108
Change Component Designator: OldDesignator=C114 NewDesignator=C109
Change Component Designator: OldDesignator=C115 NewDesignator=C110
Change Component Designator: OldDesignator=C116 NewDesignator=C47
Change Component Designator: OldDesignator=C118 NewDesignator=C113
Change Component Designator: OldDesignator=C119 NewDesignator=C114
Change Component Designator: OldDesignator=C120 NewDesignator=C115
Change Component Designator: OldDesignator=C121 NewDesignator=C116
Change Component Designator: OldDesignator=C122 NewDesignator=C117
Change Component Designator: OldDesignator=C123 NewDesignator=C118
Change Component Designator: OldDesignator=C126 NewDesignator=C119
Change Component Designator: OldDesignator=C127 NewDesignator=C122
Change Component Designator: OldDesignator=C128 NewDesignator=C123
Change Component Designator: OldDesignator=C129 NewDesignator=C124
Change Component Designator: OldDesignator=C130 NewDesignator=C125
Change Component Designator: OldDesignator=C131 NewDesignator=C120
Change Component Designator: OldDesignator=C132 NewDesignator=C121
Change Component Designator: OldDesignator=C133 NewDesignator=C126
Change Component Designator: OldDesignator=C134 NewDesignator=C128
Change Component Designator: OldDesignator=C135 NewDesignator=C127
Change Component Designator: OldDesignator=D1 NewDesignator=D2
Change Component Designator: OldDesignator=D2 NewDesignator=D1
Change Component Designator: OldDesignator=D5 NewDesignator=D6
Change Component Designator: OldDesignator=D6 NewDesignator=D5
Change Component Designator: OldDesignator=IC4 NewDesignator=IC5
Change Component Designator: OldDesignator=IC5 NewDesignator=IC4
Change Component Designator: OldDesignator=IC6 NewDesignator=IC7
Change Component Designator: OldDesignator=IC7 NewDesignator=IC8
Change Component Designator: OldDesignator=IC8 NewDesignator=IC9
Change Component Designator: OldDesignator=IC9 NewDesignator=IC10
Change Component Designator: OldDesignator=IC10 NewDesignator=IC11
Change Component Designator: OldDesignator=IC11 NewDesignator=IC12
Change Component Designator: OldDesignator=IC12 NewDesignator=IC13
Change Component Designator: OldDesignator=IC13 NewDesignator=IC14
Change Component Designator: OldDesignator=IC14 NewDesignator=IC15
Change Component Designator: OldDesignator=IC18 NewDesignator=IC6
Change Component Designator: OldDesignator=R8 NewDesignator=R2
Change Component Designator: OldDesignator=R9 NewDesignator=R1
Change Component Designator: OldDesignator=R10 NewDesignator=R9
Change Component Designator: OldDesignator=R11 NewDesignator=R10
Change Component Designator: OldDesignator=R12 NewDesignator=R13
Change Component Designator: OldDesignator=R13 NewDesignator=R12
Change Component Designator: OldDesignator=R15 NewDesignator=R14
Change Component Designator: OldDesignator=R16 NewDesignator=R15
Change Component Designator: OldDesignator=R17 NewDesignator=R11
Change Component Designator: OldDesignator=R18 NewDesignator=R16
Change Component Designator: OldDesignator=R19 NewDesignator=R17
Change Component Designator: OldDesignator=R20 NewDesignator=R18
Change Component Designator: OldDesignator=R21 NewDesignator=R26
Change Component Designator: OldDesignator=R22 NewDesignator=R24
Change Component Designator: OldDesignator=R23 NewDesignator=R25
Change Component Designator: OldDesignator=R24 NewDesignator=R27
Change Component Designator: OldDesignator=R25 NewDesignator=R28
Change Component Designator: OldDesignator=R26 NewDesignator=R31
Change Component Designator: OldDesignator=R27 NewDesignator=R32
Change Component Designator: OldDesignator=R28 NewDesignator=R33
Change Component Designator: OldDesignator=R29 NewDesignator=R35
Change Component Designator: OldDesignator=R30 NewDesignator=R34
Change Component Designator: OldDesignator=R31 NewDesignator=R36
Change Component Designator: OldDesignator=R32 NewDesignator=R29
Change Component Designator: OldDesignator=R33 NewDesignator=R37
Change Component Designator: OldDesignator=R34 NewDesignator=R20
Change Component Designator: OldDesignator=R35 NewDesignator=R22
Change Component Designator: OldDesignator=R36 NewDesignator=R23
Change Component Designator: OldDesignator=R37 NewDesignator=R38
Change Component Designator: OldDesignator=R38 NewDesignator=R39
Change Component Designator: OldDesignator=R39 NewDesignator=R30
Change Component Designator: OldDesignator=R51 NewDesignator=R63
Change Component Designator: OldDesignator=R53 NewDesignator=R51
Change Component Designator: OldDesignator=R55 NewDesignator=R52
Change Component Designator: OldDesignator=R56 NewDesignator=R54
Change Component Designator: OldDesignator=R57 NewDesignator=R56
Change Component Designator: OldDesignator=R58 NewDesignator=R55
Change Component Designator: OldDesignator=R59 NewDesignator=R57
Change Component Designator: OldDesignator=R60 NewDesignator=R59
Change Component Designator: OldDesignator=R61 NewDesignator=R60
Change Component Designator: OldDesignator=R62 NewDesignator=R61
Change Component Designator: OldDesignator=R63 NewDesignator=R62
Change Component Designator: OldDesignator=R68 NewDesignator=R67
Change Component Designator: OldDesignator=R69 NewDesignator=R68
Change Component Designator: OldDesignator=R70 NewDesignator=R69
Change Component Designator: OldDesignator=R71 NewDesignator=R73
Change Component Designator: OldDesignator=R72 NewDesignator=R74
Change Component Designator: OldDesignator=R73 NewDesignator=R75
Change Component Designator: OldDesignator=R74 NewDesignator=R76
Change Component Designator: OldDesignator=R75 NewDesignator=R77
Change Component Designator: OldDesignator=R77 NewDesignator=R19
Change Component Designator: OldDesignator=R78 NewDesignator=R21
Change Component Designator: OldDesignator=R79 NewDesignator=R58
Change Component Designator: OldDesignator=R80 NewDesignator=R53
Change Component Designator: OldDesignator=R81 NewDesignator=R8
Change Component Designator: OldDesignator=R82 NewDesignator=R78
Change Component Designator: OldDesignator=R83 NewDesignator=R70
Change Component Designator: OldDesignator=R84 NewDesignator=R71
Change Component Designator: OldDesignator=R85 NewDesignator=R72
Change Net Name : Old Net Name=NetC29_1 New Net Name=NetC26_1
Change Net Name : Old Net Name=NetC30_1 New Net Name=NetC27_1
Change Net Name : Old Net Name=NetC31_1 New Net Name=NetC28_1
Change Net Name : Old Net Name=NetC35_1 New Net Name=NetC32_1
Change Net Name : Old Net Name=NetC36_1 New Net Name=NetC33_1
Change Net Name : Old Net Name=NetC36_2 New Net Name=NetC33_2
Change Net Name : Old Net Name=NetC37_2 New Net Name=NetC19_2
Change Net Name : Old Net Name=NetC40_1 New Net Name=NetC37_1
Change Net Name : Old Net Name=NetC40_2 New Net Name=NetC37_2
Change Net Name : Old Net Name=NetC42_1 New Net Name=NetC39_1
Change Net Name : Old Net Name=NetC42_2 New Net Name=NetC39_2
Change Net Name : Old Net Name=NetC50_1 New Net Name=NetC46_1
Change Net Name : Old Net Name=NetC50_2 New Net Name=NetC46_2
Change Net Name : Old Net Name=NetC54_1 New Net Name=NetC52_1
Change Net Name : Old Net Name=NetC54_2 New Net Name=NetC52_2
Change Net Name : Old Net Name=NetC55_1 New Net Name=NetC53_1
Change Net Name : Old Net Name=NetC59_1 New Net Name=NetC62_1
Change Net Name : Old Net Name=NetC59_2 New Net Name=NetC62_2
Change Net Name : Old Net Name=NetC63_1 New Net Name=NetC64_1
Change Net Name : Old Net Name=NetC63_2 New Net Name=NetC64_2
Change Net Name : Old Net Name=NetC64_1 New Net Name=NetC65_1
Change Net Name : Old Net Name=NetC64_2 New Net Name=NetC65_2
Change Net Name : Old Net Name=NetC67_1 New Net Name=NetC66_1
Change Net Name : Old Net Name=NetC67_2 New Net Name=NetC66_2
Change Net Name : Old Net Name=NetC72_1 New Net Name=NetC71_1
Change Net Name : Old Net Name=NetC74_2 New Net Name=NetC75_2
Change Net Name : Old Net Name=NetC76_2 New Net Name=NetC77_2
Change Net Name : Old Net Name=NetC81_1 New Net Name=NetC82_1
Change Net Name : Old Net Name=NetC84_2 New Net Name=NetC85_2
Change Net Name : Old Net Name=NetC85_2 New Net Name=NetC86_2
Change Net Name : Old Net Name=NetC86_1 New Net Name=NetC87_1
Change Net Name : Old Net Name=NetC86_2 New Net Name=NetC87_2
Change Net Name : Old Net Name=NetC97_1 New Net Name=NetC96_1
Change Net Name : Old Net Name=NetC101_1 New Net Name=NetC100_1
Change Net Name : Old Net Name=NetC102_1 New Net Name=NetC101_1
Change Net Name : Old Net Name=NetC118_1 New Net Name=NetC113_1
Change Net Name : Old Net Name=NetC120_2 New Net Name=NetC115_2
Change Net Name : Old Net Name=NetC121_1 New Net Name=NetC116_1
Change Net Name : Old Net Name=NetC122_1 New Net Name=NetC117_1
Change Net Name : Old Net Name=NetC126_1 New Net Name=NetC119_1
Change Net Name : Old Net Name=NetC126_2 New Net Name=NetC119_2
Change Net Name : Old Net Name=NetC133_1 New Net Name=NetC126_1
Change Net Name : Old Net Name=NetD1_K New Net Name=NetD2_K
Change Net Name : Old Net Name=NetD2_K New Net Name=NetD1_K
Change Net Name : Old Net Name=NetD5_A New Net Name=NetD6_A
Change Net Name : Old Net Name=NetD5_K New Net Name=NetD6_K
Change Net Name : Old Net Name=NetIC5_13 New Net Name=NetIC4_13
Change Net Name : Old Net Name=NetIC5_14 New Net Name=NetIC4_14
Change Net Name : Old Net Name=NetIC5_15 New Net Name=NetIC4_15
Change Net Name : Old Net Name=NetIC5_19 New Net Name=NetIC4_19
Change Net Name : Old Net Name=NetIC5_21 New Net Name=NetIC4_21
Change Net Name : Old Net Name=NetIC5_22 New Net Name=NetIC4_22
Change Net Name : Old Net Name=NetIC5_28 New Net Name=NetIC4_28
Change Net Name : Old Net Name=NetIC5_29 New Net Name=NetIC4_29
Change Net Name : Old Net Name=NetIC5_48 New Net Name=NetIC4_48
Change Net Name : Old Net Name=NetIC6_7 New Net Name=NetIC7_7
Change Net Name : Old Net Name=NetIC7_1 New Net Name=NetIC8_1
Change Net Name : Old Net Name=NetIC7_2 New Net Name=NetIC8_2
Change Net Name : Old Net Name=NetIC8_7 New Net Name=NetIC9_7
Added Member To Class: ClassName=New Gyro 4.0 Member=Component C91 100n
Added Member To Class: ClassName=New Gyro 4.0 Member=Component IC15 TLV2217-33KTPR
Added Member To Class: ClassName=New Gyro 4.0 Member=Component R34 0
Added Member To Class: ClassName=New Gyro 4.0 Member=Component R63 150R
Added Member To Class: ClassName=New Gyro 4.0 Member=Component R76 10k
Added Member To Class: ClassName=New Gyro 4.0 Member=Component R77 0
