Removed Pin From Net: NetName=NetJ9_7 Pin=R82-2
Removed Pin From Net: NetName=NetJ9_8 Pin=R83-1
Removed Pin From Net: NetName=NetJ9_5 Pin=R84-2
Removed Pin From Net: NetName=NetJ9_6 Pin=R85-1
Removed Pin From Net: NetName=NetJ9_3 Pin=R86-2
Removed Pin From Net: NetName=NetJ9_4 Pin=R87-1
Added Component: Designator=J9(ESQ-106-Y-X-D)
Add component (AddParameter): Name = "Arrow Part Number"; Value = ""; VariantName = "[No Variations]"
Add component (AddParameter): Name = "Arrow Price/Stock"; Value = ""; VariantName = "[No Variations]"
Add component (AddParameter): Name = "Datasheet Link"; Value = "http://suddendocs.samtec.com/prints/esq-1xx-xx-x-x-xxx-xx-x-xx-mkt.pdf"; VariantName = "[No Variations]"
Add component (AddParameter): Name = "Manufacturer_Name"; Value = "SAMTEC"; VariantName = "[No Variations]"
Add component (AddParameter): Name = "Manufacturer_Part_Number"; Value = "ESQ-106-14-G-D"; VariantName = "[No Variations]"
Add component (AddParameter): Name = "Mouser Part Number"; Value = "200-ESQ10614GD"; VariantName = "[No Variations]"
Add component (AddParameter): Name = "Mouser Price/Stock"; Value = "https://www.mouser.co.uk/ProductDetail/Samtec/ESQ-106-14-G-D?qs=0lQeLiL1qybkPQShhYifng%3D%3D"; VariantName = "[No Variations]"
Added Pin To Net: NetName=NetJ9_3 Pin=J9-3
Added Pin To Net: NetName=NetJ9_4 Pin=J9-4
Added Pin To Net: NetName=NetJ9_5 Pin=J9-5
Added Pin To Net: NetName=NetJ9_6 Pin=J9-6
Added Pin To Net: NetName=NetJ9_7 Pin=J9-7
Added Pin To Net: NetName=NetJ9_8 Pin=J9-8
Added Pin To Net: NetName=NetJ9_5 Pin=R82-2
Added Pin To Net: NetName=NetJ9_6 Pin=R83-1
Added Pin To Net: NetName=NetJ9_3 Pin=R84-2
Added Pin To Net: NetName=NetJ9_4 Pin=R85-1
Added Pin To Net: NetName=NetJ9_8 Pin=U20-13
Change Net Name : Old Net Name=NetJ9_2 New Net Name=NetU20_25
Added Pin To Net: NetName=NetJ9_1 Pin=J9-1
Added Pin To Net: NetName=NetJ9_1 Pin=R86-2
Added Net: Name=NetJ9_1
Added Pin To Net: NetName=NetJ9_2 Pin=J9-2
Added Pin To Net: NetName=NetJ9_2 Pin=R87-1
Added Net: Name=NetJ9_2
Added Pin To Net: NetName=NetJ9_9 Pin=J9-9
Added Pin To Net: NetName=NetJ9_9 Pin=U20-10
Added Net: Name=NetJ9_9
Added Pin To Net: NetName=NetJ9_10 Pin=J9-10
Added Pin To Net: NetName=NetJ9_10 Pin=U20-11
Added Net: Name=NetJ9_10
Added Pin To Net: NetName=NetJ9_11 Pin=J9-11
Added Pin To Net: NetName=NetJ9_11 Pin=U20-8
Added Net: Name=NetJ9_11
Added Pin To Net: NetName=NetJ9_12 Pin=J9-12
Added Pin To Net: NetName=NetJ9_12 Pin=U20-9
Added Net: Name=NetJ9_12
Added Member To Class: ClassName=Digital_Connectors_and_IHM Member=Component J9 ESQ-106-14-G-D
Added Room: Name=Analog_Modulation
Added Room: Name=Analog_Supply_and_TIA
Added Room: Name=Digital_Connectors_and_IHM
Added Room: Name=Digital_STMG474RE
