Removed Pin From Net: NetName=AUX_11 Pin=J2-1
Removed Pin From Net: NetName=AUX_9 Pin=J2-2
Removed Pin From Net: NetName=AUX_7 Pin=J2-3
Removed Pin From Net: NetName=AUX_5 Pin=J2-4
Removed Pin From Net: NetName=AUX_3 Pin=J2-5
Removed Pin From Net: NetName=AUX_1 Pin=J2-6
Removed Pin From Net: NetName=AUX_12 Pin=J2-7
Removed Pin From Net: NetName=AUX_10 Pin=J2-8
Removed Pin From Net: NetName=AUX_8 Pin=J2-9
Removed Pin From Net: NetName=AUX_6 Pin=J2-10
Removed Pin From Net: NetName=AUX_4 Pin=J2-11
Removed Pin From Net: NetName=AUX_2 Pin=J2-12
Added Pin To Net: NetName=AUX_1 Pin=J2-1
Added Pin To Net: NetName=AUX_3 Pin=J2-2
Added Pin To Net: NetName=AUX_5 Pin=J2-3
Added Pin To Net: NetName=AUX_7 Pin=J2-4
Added Pin To Net: NetName=AUX_9 Pin=J2-5
Added Pin To Net: NetName=AUX_11 Pin=J2-6
Added Pin To Net: NetName=AUX_2 Pin=J2-7
Added Pin To Net: NetName=AUX_4 Pin=J2-8
Added Pin To Net: NetName=AUX_6 Pin=J2-9
Added Pin To Net: NetName=AUX_8 Pin=J2-10
Added Pin To Net: NetName=AUX_10 Pin=J2-11
Added Pin To Net: NetName=AUX_12 Pin=J2-12
Added Room: Name=Analog_Modulation
Added Room: Name=Analog_Supply_and_TIA
Added Room: Name=Digital_Connectors_and_IHM
Added Room: Name=Digital_STMG474RE
