Removed Pin From Net: NetName=GND Pin=C2-2
Removed Pin From Net: NetName=GND Pin=C3-2
Removed Pin From Net: NetName=GND Pin=C4-2
Removed Pin From Net: NetName=GND Pin=C5-2
Removed Pin From Net: NetName=GND Pin=C6-2
Removed Pin From Net: NetName=GND Pin=C7-2
Removed Pin From Net: NetName=GND Pin=C8-2
Removed Pin From Net: NetName=GND Pin=C9-2
Removed Pin From Net: NetName=GND Pin=C10-2
Removed Pin From Net: NetName=GND Pin=C11-2
Removed Pin From Net: NetName=GND Pin=C12-2
Removed Pin From Net: NetName=GND Pin=C13-2
Removed Pin From Net: NetName=GND Pin=C17-1
Removed Pin From Net: NetName=GND Pin=C18-1
Removed Pin From Net: NetName=GND Pin=C26-2
Removed Pin From Net: NetName=GND Pin=C27-2
Removed Pin From Net: NetName=GND Pin=C35-2
Removed Pin From Net: NetName=GND Pin=C36-2
Removed Pin From Net: NetName=GND Pin=C54-1
Removed Pin From Net: NetName=GND Pin=C55-1
Removed Pin From Net: NetName=GND Pin=C80-2
Removed Pin From Net: NetName=GND Pin=C84-2
Removed Pin From Net: NetName=GND Pin=C85-2
Removed Pin From Net: NetName=GND Pin=C86-1
Removed Pin From Net: NetName=GND Pin=C92-1
Removed Pin From Net: NetName=GND Pin=C94-1
Removed Pin From Net: NetName=GND Pin=C97-2
Removed Pin From Net: NetName=GND Pin=C98-1
Removed Pin From Net: NetName=GND Pin=C99-2
Removed Pin From Net: NetName=GND Pin=C100-1
Removed Pin From Net: NetName=GND Pin=C101-1
Removed Pin From Net: NetName=GND Pin=C102-1
Removed Pin From Net: NetName=GND Pin=C103-1
Removed Pin From Net: NetName=GND Pin=C104-2
Removed Pin From Net: NetName=GND Pin=D1-POS
Removed Pin From Net: NetName=GND Pin=J4-02
Removed Pin From Net: NetName=GND Pin=J4-30
Removed Pin From Net: NetName=GND Pin=J4-32
Removed Pin From Net: NetName=GND Pin=J4-34
Removed Pin From Net: NetName=GND Pin=J4-36
Removed Pin From Net: NetName=GND Pin=J4-38
Removed Pin From Net: NetName=GND Pin=J4-40
Removed Pin From Net: NetName=GND Pin=J4-42
Removed Pin From Net: NetName=GND Pin=J4-48
Removed Pin From Net: NetName=GND Pin=J7-4
Removed Pin From Net: NetName=GND Pin=L4-1
Removed Pin From Net: NetName=GND Pin=L5-2
Removed Pin From Net: NetName=GND Pin=L6-1
Removed Pin From Net: NetName=GND Pin=R51-2
Removed Pin From Net: NetName=GND Pin=R53-1
Removed Pin From Net: NetName=GND Pin=U1-2
Removed Pin From Net: NetName=GND Pin=U2-1
Removed Pin From Net: NetName=GND Pin=U2-7
Removed Pin From Net: NetName=GND Pin=U2-11
Removed Pin From Net: NetName=GND Pin=U2-12
Removed Pin From Net: NetName=GND Pin=U2-53
Removed Pin From Net: NetName=GND Pin=U2-58
Removed Pin From Net: NetName=GND Pin=U3-7
Removed Pin From Net: NetName=GND Pin=U4-2
Removed Pin From Net: NetName=GND Pin=U5-8
Removed Pin From Net: NetName=GND Pin=U6-5
Removed Pin From Net: NetName=GND Pin=U9-8
Removed Pin From Net: NetName=GND Pin=U10-8
Removed Pin From Net: NetName=GND Pin=U14-3
Removed Pin From Net: NetName=GND Pin=U15-5
Removed Pin From Net: NetName=GND Pin=U15-6
Removed Pin From Net: NetName=GND Pin=U16-2
Removed Pin From Net: NetName=GND Pin=U17-1
Removed Pin From Net: NetName=GND Pin=U17-3
Removed Pin From Net: NetName=GND Pin=U18-1
Added Pin To Net: NetName=+5VA Pin=C2-2
Added Pin To Net: NetName=+5VA Pin=C3-2
Added Pin To Net: NetName=+5VA Pin=C4-2
Added Pin To Net: NetName=+5VA Pin=C5-2
Added Pin To Net: NetName=+5VA Pin=C6-2
Added Pin To Net: NetName=+5VA Pin=C7-2
Added Pin To Net: NetName=+5VA Pin=C8-2
Added Pin To Net: NetName=+5VA Pin=C9-2
Added Pin To Net: NetName=+5VA Pin=C10-2
Added Pin To Net: NetName=+5VA Pin=C11-2
Added Pin To Net: NetName=+5VA Pin=C12-2
Added Pin To Net: NetName=+5VA Pin=C13-2
Added Pin To Net: NetName=+5VA Pin=C17-1
Added Pin To Net: NetName=+5VA Pin=C18-1
Added Pin To Net: NetName=+5VA Pin=C26-2
Added Pin To Net: NetName=+5VA Pin=C27-2
Added Pin To Net: NetName=+5VA Pin=C35-2
Added Pin To Net: NetName=+5VA Pin=C36-2
Added Pin To Net: NetName=+5VA Pin=C54-1
Added Pin To Net: NetName=+5VA Pin=C55-1
Added Pin To Net: NetName=+5VA Pin=C80-2
Added Pin To Net: NetName=+5VA Pin=C84-2
Added Pin To Net: NetName=+5VA Pin=C85-2
Added Pin To Net: NetName=+5VA Pin=C86-1
Added Pin To Net: NetName=+5VA Pin=C92-1
Added Pin To Net: NetName=+5VA Pin=C94-1
Added Pin To Net: NetName=+5VA Pin=C97-2
Added Pin To Net: NetName=+5VA Pin=C98-1
Added Pin To Net: NetName=+5VA Pin=C99-2
Added Pin To Net: NetName=+5VA Pin=C100-1
Added Pin To Net: NetName=+5VA Pin=C101-1
Added Pin To Net: NetName=+5VA Pin=C102-1
Added Pin To Net: NetName=+5VA Pin=C103-1
Added Pin To Net: NetName=+5VA Pin=C104-2
Added Pin To Net: NetName=+5VA Pin=D1-POS
Added Pin To Net: NetName=+5VA Pin=J4-02
Added Pin To Net: NetName=+5VA Pin=J4-30
Added Pin To Net: NetName=+5VA Pin=J4-32
Added Pin To Net: NetName=+5VA Pin=J4-34
Added Pin To Net: NetName=+5VA Pin=J4-36
Added Pin To Net: NetName=+5VA Pin=J4-38
Added Pin To Net: NetName=+5VA Pin=J4-40
Added Pin To Net: NetName=+5VA Pin=J4-42
Added Pin To Net: NetName=+5VA Pin=J4-48
Added Pin To Net: NetName=+5VA Pin=J7-4
Added Pin To Net: NetName=+5VA Pin=L4-1
Added Pin To Net: NetName=+5VA Pin=L5-2
Added Pin To Net: NetName=+5VA Pin=L6-1
Added Pin To Net: NetName=+5VA Pin=R51-2
Added Pin To Net: NetName=+5VA Pin=R53-1
Added Pin To Net: NetName=+5VA Pin=U1-2
Added Pin To Net: NetName=+5VA Pin=U2-1
Added Pin To Net: NetName=+5VA Pin=U2-7
Added Pin To Net: NetName=+5VA Pin=U2-11
Added Pin To Net: NetName=+5VA Pin=U2-12
Added Pin To Net: NetName=+5VA Pin=U2-53
Added Pin To Net: NetName=+5VA Pin=U2-58
Added Pin To Net: NetName=+5VA Pin=U3-7
Added Pin To Net: NetName=+5VA Pin=U4-2
Added Pin To Net: NetName=+5VA Pin=U5-8
Added Pin To Net: NetName=+5VA Pin=U6-5
Added Pin To Net: NetName=+5VA Pin=U9-8
Added Pin To Net: NetName=+5VA Pin=U10-8
Added Pin To Net: NetName=+5VA Pin=U14-3
Added Pin To Net: NetName=+5VA Pin=U15-5
Added Pin To Net: NetName=+5VA Pin=U15-6
Added Pin To Net: NetName=+5VA Pin=U16-2
Added Pin To Net: NetName=+5VA Pin=U17-1
Added Pin To Net: NetName=+5VA Pin=U17-3
Added Pin To Net: NetName=+5VA Pin=U18-1
Added Net: Name=+5VA
