Add Component: Footprint Not Found FP-APHCM2012SYCK-F01-MFG
Add Component: Footprint Not Found FP-APHCM2012SYCK-F01-MFG
Add Component: Footprint Not Found FP-APHCM2012SYCK-F01-MFG
Add Component: Footprint Not Found FP-APHCM2012SYCK-F01-MFG
Add Component: Footprint Not Found FP-APHCM2012SYCK-F01-MFG
Add Component: Footprint Not Found FP-APHCM2012SYCK-F01-MFG
Add Component: Footprint Not Found FP-APHCM2012SYCK-F01-MFG
Add Component: Footprint Not Found FP-APHCM2012SYCK-F01-MFG
Add Component: Footprint Not Found FP-APHCM2012SYCK-F01-MFG
Add Pin To Net: Unknown Pin: Pin D3-1
Add Pin To Net: Unknown Pin: Pin D3-2
Add Pin To Net: Unknown Pin: Pin D5-1
Add Pin To Net: Unknown Pin: Pin D5-2
Add Pin To Net: Unknown Pin: Pin D6-1
Add Pin To Net: Unknown Pin: Pin D6-2
Add Pin To Net: Unknown Pin: Pin D7-1
Add Pin To Net: Unknown Pin: Pin D7-2
Add Pin To Net: Unknown Pin: Pin D8-1
Add Pin To Net: Unknown Pin: Pin D8-2
Add Pin To Net: Unknown Pin: Pin D9-1
Add Pin To Net: Unknown Pin: Pin D9-2
Add Pin To Net: Unknown Pin: Pin D10-1
Add Pin To Net: Unknown Pin: Pin D10-2
Add Pin To Net: Unknown Pin: Pin D11-1
Add Pin To Net: Unknown Pin: Pin D11-2
Add Pin To Net: Unknown Pin: Pin D12-1
Add Pin To Net: Unknown Pin: Pin D12-2
Add Class Member: Failed to add class member : Component D3 PWR ST LED
Add Class Member: Failed to add class member : Component D5 E1
Add Class Member: Failed to add class member : Component D6 E2
Add Class Member: Failed to add class member : Component D7 E3
Add Class Member: Failed to add class member : Component D8 E4
Add Class Member: Failed to add class member : Component D9 TX LED
Add Class Member: Failed to add class member : Component D10 RX LED
Add Class Member: Failed to add class member : Component D11 STATUS1 LED
Add Class Member: Failed to add class member : Component D12 STATUS2 LED
