Added Component: Designator=U2(ADS1675IPAG)
Add component (AddParameter): Name = "Availability"; Value = "In Stock"; VariantName = "[No Variations]"
Add component (AddParameter): Name = "Check_prices"; Value = "https://www.snapeda.com/parts/ADS1675IPAG/Texas+Instruments/view-part/?ref=eda"; VariantName = "[No Variations]"
Add component (AddParameter): Name = "MF"; Value = "Texas Instruments"; VariantName = "[No Variations]"
Add component (AddParameter): Name = "MP"; Value = "ADS1675IPAG"; VariantName = "[No Variations]"
Add component (AddParameter): Name = "Package"; Value = "TQFP-64 Texas Instruments"; VariantName = "[No Variations]"
Add component (AddParameter): Name = "Price"; Value = "None"; VariantName = "[No Variations]"
Add component (AddParameter): Name = "Purchase-URL"; Value = "https://pricing.snapeda.com/search/part/ADS1675IPAG/?ref=eda"; VariantName = "[No Variations]"
Add component (AddParameter): Name = "SnapEDA_Link"; Value = "https://www.snapeda.com/parts/ADS1675IPAG/Texas+Instruments/view-part/?ref=snap"; VariantName = "[No Variations]"
Add component (AddParameter): Name = "Value"; Value = ""; VariantName = "[No Variations]"
Add Pin To Net: Unknown Pin: Pin C5-2
Add Pin To Net: Unknown Pin: Pin C22-2
Add Pin To Net: Unknown Pin: Pin C44-1
Added Pin To Net: NetName=+5VA Pin=U2-1
Added Pin To Net: NetName=GND Pin=U2-2
Added Pin To Net: NetName=GND Pin=U2-3
Added Pin To Net: NetName=NetC38_1 Pin=U2-4
Added Pin To Net: NetName=NetC37_2 Pin=U2-5
Added Pin To Net: NetName=GND Pin=U2-6
Added Pin To Net: NetName=+5VA Pin=U2-7
Added Pin To Net: NetName=NetR20_1 Pin=U2-8
Added Pin To Net: NetName=GND Pin=U2-9
Added Pin To Net: NetName=GND Pin=U2-10
Added Pin To Net: NetName=+5VA Pin=U2-11
Added Pin To Net: NetName=+5VA Pin=U2-12
Added Pin To Net: NetName=NetC39_2 Pin=U2-13
Added Pin To Net: NetName=GND Pin=U2-14
Added Pin To Net: NetName=GND Pin=U2-15
Added Pin To Net: NetName=GND Pin=U2-16
Added Pin To Net: NetName=GND Pin=U2-17
Added Pin To Net: NetName=GND Pin=U2-18
Added Pin To Net: NetName=GND Pin=U2-19
Added Pin To Net: NetName=GND Pin=U2-20
Added Pin To Net: NetName=GND Pin=U2-21
Added Pin To Net: NetName=GND Pin=U2-22
Added Pin To Net: NetName=3VD_DECOUPLING Pin=U2-23
Added Pin To Net: NetName=3VD_DECOUPLING Pin=U2-24
Added Pin To Net: NetName=GND Pin=U2-25
Added Pin To Net: NetName=GND Pin=U2-26
Added Pin To Net: NetName=3VD_DECOUPLING Pin=U2-27
Added Pin To Net: NetName=LVDS Pin=U2-28
Added Pin To Net: NetName=LVDS Pin=U2-29
Added Pin To Net: NetName=LVDS Pin=U2-30
Added Pin To Net: NetName=GND Pin=U2-31
Added Pin To Net: NetName=LL_CONFIG Pin=U2-32
Added Pin To Net: NetName=FPATH Pin=U2-33
Added Pin To Net: NetName=DRATE2 Pin=U2-34
Added Pin To Net: NetName=DRATE1 Pin=U2-35
Added Pin To Net: NetName=DRATE0 Pin=U2-36
Added Pin To Net: NetName=NetR19_2 Pin=U2-37
Added Pin To Net: NetName=NetR18_2 Pin=U2-38
Added Pin To Net: NetName=SCLK_AD Pin=U2-42
Added Pin To Net: NetName=NetJ4_62 Pin=U2-44
Added Pin To Net: NetName=NetJ4_64 Pin=U2-46
Added Pin To Net: NetName=GND Pin=U2-47
Added Pin To Net: NetName=3VD_DECOUPLING Pin=U2-48
Added Pin To Net: NetName=3VD_DECOUPLING Pin=U2-49
Added Pin To Net: NetName=GND Pin=U2-50
Added Pin To Net: NetName=GND Pin=U2-51
Added Pin To Net: NetName=3VD_DECOUPLING Pin=U2-52
Added Pin To Net: NetName=+5VA Pin=U2-53
Added Pin To Net: NetName=GND Pin=U2-54
Added Pin To Net: NetName=NetJ4_63 Pin=U2-55
Added Pin To Net: NetName=GND Pin=U2-56
Added Pin To Net: NetName=GND Pin=U2-57
Added Pin To Net: NetName=+5VA Pin=U2-58
Added Pin To Net: NetName=NetC44_1 Pin=U2-59
Added Pin To Net: NetName=GND Pin=U2-60
Added Pin To Net: NetName=GND Pin=U2-61
Added Pin To Net: NetName=NetC43_1 Pin=U2-62
Added Pin To Net: NetName=VREF_3V Pin=U2-63
Added Pin To Net: NetName=VREF_3V Pin=U2-64
Added Member To Class: ClassName=Analog_Supply_and_TIA Member=Component U2 ADS1675IPAG
Added Room: Name=Analog_Modulation
Added Room: Name=Analog_Supply_and_TIA
Added Room: Name=Digital_Connectors_and_IHM
Added Room: Name=Digital_STMG474RE
