Removed Pin From Net: NetName=NetJ4_63 Pin=U20-62
Added Component: Designator=C115(CC_0805)
Add component (AddParameter): Name = "LatestRevisionDate"; Value = "17-Jul-2002"; VariantName = "[No Variations]"
Add component (AddParameter): Name = "LatestRevisionNote"; Value = "Re-released for DXP Platform."; VariantName = "[No Variations]"
Add component (AddParameter): Name = "PackageDescription"; Value = "Radial Cap, Thru-Hole; 2 Leads; 0.3 in Pin Spacing"; VariantName = "[No Variations]"
Add component (AddParameter): Name = "PackageReference"; Value = "RAD-0.3"; VariantName = "[No Variations]"
Add component (AddParameter): Name = "Published"; Value = "8-Jun-2000"; VariantName = "[No Variations]"
Add component (AddParameter): Name = "Publisher"; Value = "Altium Limited"; VariantName = "[No Variations]"
Add component (AddParameter): Name = "Value"; Value = "0.1uF"; VariantName = "[No Variations]"
Added Component: Designator=J2(RASM722PTR13X)
Add component (AddParameter): Name = "Check_prices"; Value = "https://www.snapeda.com/parts/RASM722PTR13X/SWITCHCRAFT/view-part/?ref=eda"; VariantName = "[No Variations]"
Add component (AddParameter): Name = "MF"; Value = "Switchcraft Inc."; VariantName = "[No Variations]"
Add component (AddParameter): Name = "MP"; Value = "RASM722PTR13X"; VariantName = "[No Variations]"
Add component (AddParameter): Name = "Package"; Value = "None"; VariantName = "[No Variations]"
Add component (AddParameter): Name = "SnapEDA_Link"; Value = "https://www.snapeda.com/parts/RASM722PTR13X/SWITCHCRAFT/view-part/?ref=snap"; VariantName = "[No Variations]"
Add component (AddParameter): Name = "Value"; Value = ""; VariantName = "[No Variations]"
Added Component: Designator=J4(ESQ-132-14-G-D)
Add component (AddParameter): Name = "Availability"; Value = "Unavailable"; VariantName = "[No Variations]"
Add component (AddParameter): Name = "MF"; Value = "Samtec"; VariantName = "[No Variations]"
Add component (AddParameter): Name = "MP"; Value = "ESQ-132-14-G-D"; VariantName = "[No Variations]"
Add component (AddParameter): Name = "Package"; Value = "None"; VariantName = "[No Variations]"
Add component (AddParameter): Name = "Price"; Value = "None"; VariantName = "[No Variations]"
Add component (AddParameter): Name = "Value"; Value = ""; VariantName = "[No Variations]"
Added Component: Designator=J7(618009231121)
Add component (AddParameter): Name = "Category"; Value = "Input/Output Connector"; VariantName = "[No Variations]"
Add component (AddParameter): Name = "ComponentLink1Description"; Value = "Website Link"; VariantName = "[No Variations]"
Add component (AddParameter): Name = "ComponentLink1URL"; Value = "https://www.we-online.com/redexpert/article/618009231121?ad"; VariantName = "[No Variations]"
Add component (AddParameter): Name = "ComponentLink2Description"; Value = "Datasheet Link"; VariantName = "[No Variations]"
Add component (AddParameter): Name = "ComponentLink2URL"; Value = "https://www.we-online.com/redexpert/spec/618009231121?ad"; VariantName = "[No Variations]"
Add component (AddParameter): Name = "Contact Resistance"; Value = "30mO"; VariantName = "[No Variations]"
Add component (AddParameter): Name = "Gender"; Value = "Female"; VariantName = "[No Variations]"
Add component (AddParameter): Name = "Manufacturer"; Value = "Wurth Elektronik"; VariantName = "[No Variations]"
Add component (AddParameter): Name = "Manufacturer Part Number"; Value = "618009231121"; VariantName = "[No Variations]"
Add component (AddParameter): Name = "Match Code"; Value = "WR-DSUB"; VariantName = "[No Variations]"
Add component (AddParameter): Name = "Max Operating Temperature"; Value = "105°C"; VariantName = "[No Variations]"
Add component (AddParameter): Name = "Min Operating Temperature"; Value = "-55°C"; VariantName = "[No Variations]"
Add component (AddParameter): Name = "Mount"; Value = "Through Hole"; VariantName = "[No Variations]"
Add component (AddParameter): Name = "Number of Pins"; Value = "9"; VariantName = "[No Variations]"
Add component (AddParameter): Name = "Orientation"; Value = "Angled"; VariantName = "[No Variations]"
Add component (AddParameter): Name = "Packaging"; Value = "Tray"; VariantName = "[No Variations]"
Add component (AddParameter): Name = "Rated Current"; Value = "3A"; VariantName = "[No Variations]"
Add component (AddParameter): Name = "Withstanding Voltage"; Value = "1000VAC"; VariantName = "[No Variations]"
Add component (AddParameter): Name = "Working Voltage"; Value = "125VAC"; VariantName = "[No Variations]"
Added Pin To Net: NetName=GND Pin=C115-1
Added Pin To Net: NetName=VDD1 Pin=C115-2
Add Pin To Net: Unknown Pin: Pin C126-1
Added Pin To Net: NetName=+5VA Pin=C126-2
Added Pin To Net: NetName=+5VA Pin=C126-2
Added Pin To Net: NetName=-Vin Pin=J2-1
Added Pin To Net: NetName=+Vin Pin=J2-2
Added Pin To Net: NetName=-Vin Pin=J2-3
Added Pin To Net: NetName=GND Pin=J4-01
Added Pin To Net: NetName=+5VA Pin=J4-02
Added Pin To Net: NetName=-15V Pin=J4-03
Added Pin To Net: NetName=-10V Pin=J4-04
Added Pin To Net: NetName=NetJ4_14 Pin=J4-14
Added Pin To Net: NetName=NetJ4_16 Pin=J4-16
Added Pin To Net: NetName=NetJ4_21 Pin=J4-21
Added Pin To Net: NetName=NetC52_1 Pin=J4-22
Added Pin To Net: NetName=NetJ4_23 Pin=J4-23
Added Pin To Net: NetName=+15V Pin=J4-27
Added Pin To Net: NetName=+10V Pin=J4-28
Added Pin To Net: NetName=GND Pin=J4-29
Added Pin To Net: NetName=+5VA Pin=J4-30
Added Pin To Net: NetName=GND Pin=J4-31
Added Pin To Net: NetName=+5VA Pin=J4-32
Added Pin To Net: NetName=GND Pin=J4-33
Added Pin To Net: NetName=+5VA Pin=J4-34
Added Pin To Net: NetName=GND Pin=J4-35
Added Pin To Net: NetName=+5VA Pin=J4-36
Added Pin To Net: NetName=GND Pin=J4-37
Added Pin To Net: NetName=+5VA Pin=J4-38
Added Pin To Net: NetName=GND Pin=J4-39
Added Pin To Net: NetName=+5VA Pin=J4-40
Added Pin To Net: NetName=GND Pin=J4-41
Added Pin To Net: NetName=+5VA Pin=J4-42
Added Pin To Net: NetName=GND Pin=J4-43
Added Pin To Net: NetName=VDD1 Pin=J4-45
Added Pin To Net: NetName=GND Pin=J4-47
Added Pin To Net: NetName=+5VA Pin=J4-48
Added Pin To Net: NetName=NetJ4_56 Pin=J4-56
Added Pin To Net: NetName=NetJ4_60 Pin=J4-60
Added Pin To Net: NetName=NetJ4_62 Pin=J4-62
Added Pin To Net: NetName=NetJ4_63 Pin=J4-63
Added Pin To Net: NetName=NetJ4_64 Pin=J4-64
Added Pin To Net: NetName=RX Pin=J7-1
Added Pin To Net: NetName=TX Pin=J7-2
Added Pin To Net: NetName=VDD1 Pin=J7-3
Added Pin To Net: NetName=+5VA Pin=J7-4
Added Pin To Net: NetName=GND Pin=J7-5
Added Pin To Net: NetName=D+ Pin=J7-6
Added Pin To Net: NetName=D- Pin=J7-7
Added Pin To Net: NetName=DGND_ISOL Pin=J7-8
Added Pin To Net: NetName=+5VD_ISOL Pin=J7-9
Added Pin To Net: NetName=NetJ4_63 Pin=U20-60
Added Member To Class: ClassName=Digital_STMG474RE Member=Component C115 Cap
Added Member To Class: ClassName=Digital_Connectors_and_IHM Member=Component J2 RASM722PTR13X
Added Member To Class: ClassName=Digital_Connectors_and_IHM Member=Component J4 ESQ-132-14-G-D
Added Member To Class: ClassName=Digital_Connectors_and_IHM Member=Component J7 618009231121
Added Room: Name=Analog_Modulation
Added Room: Name=Analog_Supply_and_TIA
Added Room: Name=Digital_Connectors_and_IHM
Added Room: Name=Digital_STMG474RE
