Removed Pin From Net: NetName=3VD_DECOUPLING Pin=C19-2
Removed Pin From Net: NetName=3VD_DECOUPLING Pin=C20-2
Removed Pin From Net: NetName=3VD_DECOUPLING Pin=C21-2
Removed Pin From Net: NetName=3VD_DECOUPLING Pin=C22-2
Removed Pin From Net: NetName=3VD_DECOUPLING Pin=C23-2
Removed Pin From Net: NetName=3VD_DECOUPLING Pin=C24-2
Removed Pin From Net: NetName=3VD_DECOUPLING Pin=C25-2
Removed Pin From Net: NetName=3VD_DECOUPLING Pin=L1-2
Removed Pin From Net: NetName=3VD_DECOUPLING Pin=L2-2
Removed Pin From Net: NetName=3VD_DECOUPLING Pin=U2-23
Removed Pin From Net: NetName=3VD_DECOUPLING Pin=U2-27
Removed Pin From Net: NetName=3VD_DECOUPLING Pin=U2-48
Removed Pin From Net: NetName=3VD_DECOUPLING Pin=U2-49
Removed Pin From Net: NetName=3VD_DECOUPLING Pin=U2-52
Added Pin To Net: NetName=GND Pin=U2-25
Added Pin To Net: NetName=GND Pin=U2-26
Added Pin To Net: NetName=GND Pin=U2-31
Added Pin To Net: NetName=GND Pin=U2-47
Added Pin To Net: NetName=GND Pin=U2-50
Added Pin To Net: NetName=GND Pin=U2-51
Change Net Name : Old Net Name=3VD_DECOUPLING New Net Name=+5VA
Added Pin To Net: NetName=3VD_DECOUPLING Pin=C19-2
Added Pin To Net: NetName=3VD_DECOUPLING Pin=C20-2
Added Pin To Net: NetName=3VD_DECOUPLING Pin=C21-2
Added Pin To Net: NetName=3VD_DECOUPLING Pin=C22-2
Added Pin To Net: NetName=3VD_DECOUPLING Pin=C23-2
Added Pin To Net: NetName=3VD_DECOUPLING Pin=C24-2
Added Pin To Net: NetName=3VD_DECOUPLING Pin=C25-2
Added Pin To Net: NetName=3VD_DECOUPLING Pin=L1-2
Added Pin To Net: NetName=3VD_DECOUPLING Pin=L2-2
Added Net: Name=3VD_DECOUPLING
Added Pin To Net: NetName=NetU2_23 Pin=U2-23
Added Pin To Net: NetName=NetU2_23 Pin=U2-24
Added Pin To Net: NetName=NetU2_23 Pin=U2-27
Added Pin To Net: NetName=NetU2_23 Pin=U2-48
Added Pin To Net: NetName=NetU2_23 Pin=U2-49
Added Pin To Net: NetName=NetU2_23 Pin=U2-52
Added Net: Name=NetU2_23
