Added Component: Designator=D3(LED-0)
Add component (AddParameter): Name = "LatestRevisionDate"; Value = "08-Jul-2005"; VariantName = "[No Variations]"
Add component (AddParameter): Name = "LatestRevisionNote"; Value = "Mech Layer 1 removed."; VariantName = "[No Variations]"
Add component (AddParameter): Name = "PackageDescription"; Value = "LED; 2 Leads"; VariantName = "[No Variations]"
Add component (AddParameter): Name = "PackageReference"; Value = "LED-0"; VariantName = "[No Variations]"
Add component (AddParameter): Name = "Published"; Value = "8-Jun-2000"; VariantName = "[No Variations]"
Add component (AddParameter): Name = "Publisher"; Value = "Altium Limited"; VariantName = "[No Variations]"
Add Component: Footprint Not Found FP-APHCM2012SYCK-F01-MFG
Add Component: Footprint Not Found FP-APHCM2012SYCK-F01-MFG
Add Component: Footprint Not Found FP-APHCM2012SYCK-F01-MFG
Add Component: Footprint Not Found FP-APHCM2012SYCK-F01-MFG
Add Component: Footprint Not Found FP-APHCM2012SYCK-F01-MFG
Add Component: Footprint Not Found FP-APHCM2012SYCK-F01-MFG
Add Component: Footprint Not Found FP-APHCM2012SYCK-F01-MFG
Add Component: Footprint Not Found FP-APHCM2012SYCK-F01-MFG
Added Pin To Net: NetName=NetD3_1 Pin=D3-1
Added Pin To Net: NetName=GND Pin=D3-2
Add Pin To Net: Unknown Pin: Pin D5-1
Add Pin To Net: Unknown Pin: Pin D5-2
Add Pin To Net: Unknown Pin: Pin D6-1
Add Pin To Net: Unknown Pin: Pin D6-2
Add Pin To Net: Unknown Pin: Pin D7-1
Add Pin To Net: Unknown Pin: Pin D7-2
Add Pin To Net: Unknown Pin: Pin D8-1
Add Pin To Net: Unknown Pin: Pin D8-2
Add Pin To Net: Unknown Pin: Pin D9-1
Add Pin To Net: Unknown Pin: Pin D9-2
Add Pin To Net: Unknown Pin: Pin D10-1
Add Pin To Net: Unknown Pin: Pin D10-2
Add Pin To Net: Unknown Pin: Pin D11-1
Add Pin To Net: Unknown Pin: Pin D11-2
Add Pin To Net: Unknown Pin: Pin D12-1
Add Pin To Net: Unknown Pin: Pin D12-2
Added Member To Class: ClassName=Digital_Connectors_and_IHM Member=Component D3 PWR ST LED
Add Class Member: Failed to add class member : Component D5 E1
Add Class Member: Failed to add class member : Component D6 E2
Add Class Member: Failed to add class member : Component D7 E3
Add Class Member: Failed to add class member : Component D8 E4
Add Class Member: Failed to add class member : Component D9 TX LED
Add Class Member: Failed to add class member : Component D10 RX LED
Add Class Member: Failed to add class member : Component D11 STATUS1 LED
Add Class Member: Failed to add class member : Component D12 STATUS2 LED
