Replace Part C95 Cap in D:\Mestrado\Altium\Acquisition_Board\Digital_Connectors_and_IHM.SchDoc with Cap from Miscellaneous Devices.IntLib
Replace Part C97 Cap in D:\Mestrado\Altium\Acquisition_Board\Digital_Connectors_and_IHM.SchDoc with Cap from Miscellaneous Devices.IntLib
Replace Part C99 Cap in D:\Mestrado\Altium\Acquisition_Board\Digital_Connectors_and_IHM.SchDoc with Cap from Miscellaneous Devices.IntLib
Replace Part C104 Cap in D:\Mestrado\Altium\Acquisition_Board\Digital_Connectors_and_IHM.SchDoc with Cap from Miscellaneous Devices.IntLib
Replace Part C105 Cap in D:\Mestrado\Altium\Acquisition_Board\Digital_Connectors_and_IHM.SchDoc with Cap from Miscellaneous Devices.IntLib
Replace Part C106 Cap in D:\Mestrado\Altium\Acquisition_Board\Digital_Connectors_and_IHM.SchDoc with Cap from Miscellaneous Devices.IntLib
Replace Part C107 Cap in D:\Mestrado\Altium\Acquisition_Board\Digital_Connectors_and_IHM.SchDoc with Cap from Miscellaneous Devices.IntLib
Replace Part C108 Cap in D:\Mestrado\Altium\Acquisition_Board\Digital_Connectors_and_IHM.SchDoc with Cap from Miscellaneous Devices.IntLib
Replace Part C109 Cap in D:\Mestrado\Altium\Acquisition_Board\Digital_Connectors_and_IHM.SchDoc with Cap from Miscellaneous Devices.IntLib
Replace Part C110 Cap in D:\Mestrado\Altium\Acquisition_Board\Digital_Connectors_and_IHM.SchDoc with Cap from Miscellaneous Devices.IntLib
Replace Part D3 LED0 in D:\Mestrado\Altium\Acquisition_Board\Digital_Connectors_and_IHM.SchDoc with LED0 from Miscellaneous Devices.IntLib
Update Managed Component D4 From CMP-44529-000064-1[PWR ST LED] To CMP-44529-000064-1[APHCM2012SYCK-F01] in Digital_Connectors_and_IHM.SchDoc
Replace Part D5 LED0 in D:\Mestrado\Altium\Acquisition_Board\Digital_Connectors_and_IHM.SchDoc with LED0 from Miscellaneous Devices.IntLib
Replace Part D6 LED0 in D:\Mestrado\Altium\Acquisition_Board\Digital_Connectors_and_IHM.SchDoc with LED0 from Miscellaneous Devices.IntLib
Replace Part D7 LED0 in D:\Mestrado\Altium\Acquisition_Board\Digital_Connectors_and_IHM.SchDoc with LED0 from Miscellaneous Devices.IntLib
Replace Part D8 LED0 in D:\Mestrado\Altium\Acquisition_Board\Digital_Connectors_and_IHM.SchDoc with LED0 from Miscellaneous Devices.IntLib
Replace Part D9 LED0 in D:\Mestrado\Altium\Acquisition_Board\Digital_Connectors_and_IHM.SchDoc with LED0 from Miscellaneous Devices.IntLib
Replace Part D10 LED0 in D:\Mestrado\Altium\Acquisition_Board\Digital_Connectors_and_IHM.SchDoc with LED0 from Miscellaneous Devices.IntLib
Replace Part D11 LED0 in D:\Mestrado\Altium\Acquisition_Board\Digital_Connectors_and_IHM.SchDoc with LED0 from Miscellaneous Devices.IntLib
Replace Part D12 LED0 in D:\Mestrado\Altium\Acquisition_Board\Digital_Connectors_and_IHM.SchDoc with LED0 from Miscellaneous Devices.IntLib
Replace Part J9 ESQ-104-14-G-D in D:\Mestrado\Altium\Acquisition_Board\Digital_Connectors_and_IHM.SchDoc with ESQ-104-14-G-D from Lib_Schematic_IFOG_Interrogator.SchLib
Replace Part L6 Inductor in D:\Mestrado\Altium\Acquisition_Board\Digital_Connectors_and_IHM.SchDoc with Inductor from Miscellaneous Devices.IntLib
Replace Part L7 Inductor in D:\Mestrado\Altium\Acquisition_Board\Digital_Connectors_and_IHM.SchDoc with Inductor from Miscellaneous Devices.IntLib
Replace Part P1 Header 5 in D:\Mestrado\Altium\Acquisition_Board\Digital_Connectors_and_IHM.SchDoc with Header 5 from Miscellaneous Connectors.IntLib
Replace Part R50 Res2 in D:\Mestrado\Altium\Acquisition_Board\Digital_Connectors_and_IHM.SchDoc with Res2 from Miscellaneous Devices.IntLib
Replace Part R51 Res2 in D:\Mestrado\Altium\Acquisition_Board\Digital_Connectors_and_IHM.SchDoc with Res2 from Miscellaneous Devices.IntLib
Replace Part R52 Res2 in D:\Mestrado\Altium\Acquisition_Board\Digital_Connectors_and_IHM.SchDoc with Res2 from Miscellaneous Devices.IntLib
Replace Part R53 Res2 in D:\Mestrado\Altium\Acquisition_Board\Digital_Connectors_and_IHM.SchDoc with Res2 from Miscellaneous Devices.IntLib
Replace Part R54 Res2 in D:\Mestrado\Altium\Acquisition_Board\Digital_Connectors_and_IHM.SchDoc with Res2 from Miscellaneous Devices.IntLib
Replace Part R55 Res2 in D:\Mestrado\Altium\Acquisition_Board\Digital_Connectors_and_IHM.SchDoc with Res2 from Miscellaneous Devices.IntLib
Replace Part R56 Res2 in D:\Mestrado\Altium\Acquisition_Board\Digital_Connectors_and_IHM.SchDoc with Res2 from Miscellaneous Devices.IntLib
Replace Part R57 Res2 in D:\Mestrado\Altium\Acquisition_Board\Digital_Connectors_and_IHM.SchDoc with Res2 from Miscellaneous Devices.IntLib
Replace Part R58 Res2 in D:\Mestrado\Altium\Acquisition_Board\Digital_Connectors_and_IHM.SchDoc with Res2 from Miscellaneous Devices.IntLib
Replace Part R59 Res2 in D:\Mestrado\Altium\Acquisition_Board\Digital_Connectors_and_IHM.SchDoc with Res2 from Miscellaneous Devices.IntLib
Replace Part R60 Res2 in D:\Mestrado\Altium\Acquisition_Board\Digital_Connectors_and_IHM.SchDoc with Res2 from Miscellaneous Devices.IntLib
Replace Part R61 Res2 in D:\Mestrado\Altium\Acquisition_Board\Digital_Connectors_and_IHM.SchDoc with Res2 from Miscellaneous Devices.IntLib
Replace Part R62 Res2 in D:\Mestrado\Altium\Acquisition_Board\Digital_Connectors_and_IHM.SchDoc with Res2 from Miscellaneous Devices.IntLib
Replace Part R63 Res2 in D:\Mestrado\Altium\Acquisition_Board\Digital_Connectors_and_IHM.SchDoc with Res2 from Miscellaneous Devices.IntLib
Replace Part R64 Res2 in D:\Mestrado\Altium\Acquisition_Board\Digital_Connectors_and_IHM.SchDoc with Res2 from Miscellaneous Devices.IntLib
Replace Part R65 Res2 in D:\Mestrado\Altium\Acquisition_Board\Digital_Connectors_and_IHM.SchDoc with Res2 from Miscellaneous Devices.IntLib
Replace Part R66 Res2 in D:\Mestrado\Altium\Acquisition_Board\Digital_Connectors_and_IHM.SchDoc with Res2 from Miscellaneous Devices.IntLib
Replace Part R67 Res2 in D:\Mestrado\Altium\Acquisition_Board\Digital_Connectors_and_IHM.SchDoc with Res2 from Miscellaneous Devices.IntLib
Replace Part R68 Res2 in D:\Mestrado\Altium\Acquisition_Board\Digital_Connectors_and_IHM.SchDoc with Res2 from Miscellaneous Devices.IntLib
Replace Part R69 Res2 in D:\Mestrado\Altium\Acquisition_Board\Digital_Connectors_and_IHM.SchDoc with Res2 from Miscellaneous Devices.IntLib
Replace Part R70 Res2 in D:\Mestrado\Altium\Acquisition_Board\Digital_Connectors_and_IHM.SchDoc with Res2 from Miscellaneous Devices.IntLib
Replace Part R71 Res2 in D:\Mestrado\Altium\Acquisition_Board\Digital_Connectors_and_IHM.SchDoc with Res2 from Miscellaneous Devices.IntLib
Replace Part R72 Res2 in D:\Mestrado\Altium\Acquisition_Board\Digital_Connectors_and_IHM.SchDoc with Res2 from Miscellaneous Devices.IntLib
Replace Part R73 Res2 in D:\Mestrado\Altium\Acquisition_Board\Digital_Connectors_and_IHM.SchDoc with Res2 from Miscellaneous Devices.IntLib
Replace Part R74 Res2 in D:\Mestrado\Altium\Acquisition_Board\Digital_Connectors_and_IHM.SchDoc with Res2 from Miscellaneous Devices.IntLib
Replace Part R75 Res2 in D:\Mestrado\Altium\Acquisition_Board\Digital_Connectors_and_IHM.SchDoc with Res2 from Miscellaneous Devices.IntLib
Replace Part R76 Res2 in D:\Mestrado\Altium\Acquisition_Board\Digital_Connectors_and_IHM.SchDoc with Res2 from Miscellaneous Devices.IntLib
Replace Part R77 Res2 in D:\Mestrado\Altium\Acquisition_Board\Digital_Connectors_and_IHM.SchDoc with Res2 from Miscellaneous Devices.IntLib
Replace Part R78 Res2 in D:\Mestrado\Altium\Acquisition_Board\Digital_Connectors_and_IHM.SchDoc with Res2 from Miscellaneous Devices.IntLib
Replace Part R79 Res2 in D:\Mestrado\Altium\Acquisition_Board\Digital_Connectors_and_IHM.SchDoc with Res2 from Miscellaneous Devices.IntLib
Replace Part R80 Res2 in D:\Mestrado\Altium\Acquisition_Board\Digital_Connectors_and_IHM.SchDoc with Res2 from Miscellaneous Devices.IntLib
Replace Part R82 Res2 in D:\Mestrado\Altium\Acquisition_Board\Digital_Connectors_and_IHM.SchDoc with Res2 from Miscellaneous Devices.IntLib
Replace Part R83 Res2 in D:\Mestrado\Altium\Acquisition_Board\Digital_Connectors_and_IHM.SchDoc with Res2 from Miscellaneous Devices.IntLib
Replace Part R84 Res2 in D:\Mestrado\Altium\Acquisition_Board\Digital_Connectors_and_IHM.SchDoc with Res2 from Miscellaneous Devices.IntLib
Replace Part R85 Res2 in D:\Mestrado\Altium\Acquisition_Board\Digital_Connectors_and_IHM.SchDoc with Res2 from Miscellaneous Devices.IntLib
Replace Part R86 Res2 in D:\Mestrado\Altium\Acquisition_Board\Digital_Connectors_and_IHM.SchDoc with Res2 from Miscellaneous Devices.IntLib
Replace Part R87 Res2 in D:\Mestrado\Altium\Acquisition_Board\Digital_Connectors_and_IHM.SchDoc with Res2 from Miscellaneous Devices.IntLib
Update Managed Component U18 From CMP-04917-000319-1[TLV2217-33KVURG3] To CMP-04917-000319-1[TLV2217-33KVURG3] in Digital_Connectors_and_IHM.SchDoc
